#! /opt/homebrew/Cellar/icarus-verilog/12.0/bin/vvp
:ivl_version "12.0 (stable)";
:ivl_delay_selection "TYPICAL";
:vpi_time_precision - 12;
:vpi_module "/opt/homebrew/Cellar/icarus-verilog/12.0/lib/ivl/system.vpi";
:vpi_module "/opt/homebrew/Cellar/icarus-verilog/12.0/lib/ivl/vhdl_sys.vpi";
:vpi_module "/opt/homebrew/Cellar/icarus-verilog/12.0/lib/ivl/vhdl_textio.vpi";
:vpi_module "/opt/homebrew/Cellar/icarus-verilog/12.0/lib/ivl/v2005_math.vpi";
:vpi_module "/opt/homebrew/Cellar/icarus-verilog/12.0/lib/ivl/va_math.vpi";
:vpi_module "/opt/homebrew/Cellar/icarus-verilog/12.0/lib/ivl/v2009.vpi";
S_0x15680b940 .scope package, "$unit" "$unit" 2 1;
 .timescale 0 0;
S_0x15680f6c0 .scope module, "tx_tb_top" "tx_tb_top" 3 2;
 .timescale -9 -12;
v0x15682b830_0 .net "baud_tick_tb", 0 0, v0x15681a180_0;  1 drivers
v0x15682b8d0_0 .net "busy_tb", 0 0, v0x15682b130_0;  1 drivers
v0x15682b970_0 .var "clk_tb", 0 0;
v0x15682ba60_0 .var "rst_tb", 0 0;
v0x15682bb30_0 .var "tx_data_tb", 7 0;
v0x15682bc00_0 .net "tx_done_tb", 0 0, v0x15682b670_0;  1 drivers
v0x15682bc90_0 .var "tx_start_tb", 0 0;
v0x15682bd20_0 .net "tx_tb", 0 0, v0x15682b4a0_0;  1 drivers
E_0x15680ce60 .event posedge, v0x15682b670_0;
E_0x15680d5c0 .event posedge, v0x15682a920_0;
S_0x15680f830 .scope module, "UUT1" "baud_gen" 3 17, 4 6 0, S_0x15680f6c0;
 .timescale -9 -12;
    .port_info 0 /INPUT 1 "clk";
    .port_info 1 /INPUT 1 "rst";
    .port_info 2 /OUTPUT 1 "baud_tick";
P_0x15681a560 .param/l "BAUD_RATE" 0 4 8, +C4<00000000000000011100001000000000>;
P_0x15681a5a0 .param/l "CLK_FREQ" 0 4 7, +C4<00000010111110101111000010000000>;
P_0x15681a5e0 .param/l "DIV" 1 4 17, +C4<00000000000000000000000110110010>;
v0x15681a180_0 .var "baud_tick", 0 0;
v0x15682a920_0 .net "clk", 0 0, v0x15682b970_0;  1 drivers
v0x15682a9c0_0 .var "counter", 8 0;
v0x15682aa50_0 .net "rst", 0 0, v0x15682ba60_0;  1 drivers
E_0x15680c7e0 .event posedge, v0x15682aa50_0, v0x15682a920_0;
S_0x15682aaf0 .scope module, "UUT2" "tx" 3 23, 5 3 0, S_0x15680f6c0;
 .timescale -9 -12;
    .port_info 0 /INPUT 1 "clk";
    .port_info 1 /INPUT 1 "rst";
    .port_info 2 /INPUT 1 "baud_tick";
    .port_info 3 /INPUT 1 "tx_start";
    .port_info 4 /INPUT 8 "tx_data";
    .port_info 5 /OUTPUT 1 "tx";
    .port_info 6 /OUTPUT 1 "tx_done";
    .port_info 7 /OUTPUT 1 "busy";
P_0x15682acc0 .param/l "DATA" 1 5 18, C4<10>;
P_0x15682ad00 .param/l "IDLE" 1 5 16, C4<00>;
P_0x15682ad40 .param/l "START" 1 5 17, C4<01>;
P_0x15682ad80 .param/l "STOP" 1 5 19, C4<11>;
v0x15682afe0_0 .net "baud_tick", 0 0, v0x15681a180_0;  alias, 1 drivers
v0x15682b090_0 .var "bit_index", 2 0;
v0x15682b130_0 .var "busy", 0 0;
v0x15682b1e0_0 .net "clk", 0 0, v0x15682b970_0;  alias, 1 drivers
v0x15682b290_0 .net "rst", 0 0, v0x15682ba60_0;  alias, 1 drivers
v0x15682b360_0 .var "shift_reg", 7 0;
v0x15682b3f0_0 .var "state", 1 0;
v0x15682b4a0_0 .var "tx", 0 0;
v0x15682b540_0 .net "tx_data", 7 0, v0x15682bb30_0;  1 drivers
v0x15682b670_0 .var "tx_done", 0 0;
v0x15682b710_0 .net "tx_start", 0 0, v0x15682bc90_0;  1 drivers
    .scope S_0x15680f830;
T_0 ;
    %wait E_0x15680c7e0;
    %load/vec4 v0x15682aa50_0;
    %flag_set/vec4 8;
    %jmp/0xz  T_0.0, 8;
    %pushi/vec4 0, 0, 9;
    %assign/vec4 v0x15682a9c0_0, 0;
    %pushi/vec4 0, 0, 1;
    %assign/vec4 v0x15681a180_0, 0;
    %jmp T_0.1;
T_0.0 ;
    %load/vec4 v0x15682a9c0_0;
    %pad/u 32;
    %cmpi/e 433, 0, 32;
    %jmp/0xz  T_0.2, 4;
    %pushi/vec4 0, 0, 9;
    %assign/vec4 v0x15682a9c0_0, 0;
    %pushi/vec4 1, 0, 1;
    %assign/vec4 v0x15681a180_0, 0;
    %jmp T_0.3;
T_0.2 ;
    %load/vec4 v0x15682a9c0_0;
    %addi 1, 0, 9;
    %assign/vec4 v0x15682a9c0_0, 0;
    %pushi/vec4 0, 0, 1;
    %assign/vec4 v0x15681a180_0, 0;
T_0.3 ;
T_0.1 ;
    %jmp T_0;
    .thread T_0;
    .scope S_0x15682aaf0;
T_1 ;
    %wait E_0x15680c7e0;
    %load/vec4 v0x15682b290_0;
    %flag_set/vec4 8;
    %jmp/0xz  T_1.0, 8;
    %pushi/vec4 0, 0, 2;
    %assign/vec4 v0x15682b3f0_0, 0;
    %pushi/vec4 1, 0, 1;
    %assign/vec4 v0x15682b4a0_0, 0;
    %pushi/vec4 0, 0, 1;
    %assign/vec4 v0x15682b670_0, 0;
    %pushi/vec4 0, 0, 1;
    %assign/vec4 v0x15682b130_0, 0;
    %pushi/vec4 0, 0, 8;
    %assign/vec4 v0x15682b360_0, 0;
    %pushi/vec4 0, 0, 3;
    %assign/vec4 v0x15682b090_0, 0;
    %jmp T_1.1;
T_1.0 ;
    %pushi/vec4 0, 0, 1;
    %assign/vec4 v0x15682b670_0, 0;
    %load/vec4 v0x15682b3f0_0;
    %dup/vec4;
    %pushi/vec4 0, 0, 2;
    %cmp/u;
    %jmp/1 T_1.2, 6;
    %dup/vec4;
    %pushi/vec4 1, 0, 2;
    %cmp/u;
    %jmp/1 T_1.3, 6;
    %dup/vec4;
    %pushi/vec4 2, 0, 2;
    %cmp/u;
    %jmp/1 T_1.4, 6;
    %dup/vec4;
    %pushi/vec4 3, 0, 2;
    %cmp/u;
    %jmp/1 T_1.5, 6;
    %pushi/vec4 0, 0, 2;
    %assign/vec4 v0x15682b3f0_0, 0;
    %jmp T_1.7;
T_1.2 ;
    %pushi/vec4 1, 0, 1;
    %assign/vec4 v0x15682b4a0_0, 0;
    %pushi/vec4 0, 0, 1;
    %assign/vec4 v0x15682b130_0, 0;
    %load/vec4 v0x15682b710_0;
    %flag_set/vec4 8;
    %jmp/0xz  T_1.8, 8;
    %load/vec4 v0x15682b540_0;
    %assign/vec4 v0x15682b360_0, 0;
    %pushi/vec4 0, 0, 3;
    %assign/vec4 v0x15682b090_0, 0;
    %pushi/vec4 1, 0, 1;
    %assign/vec4 v0x15682b130_0, 0;
    %pushi/vec4 1, 0, 2;
    %assign/vec4 v0x15682b3f0_0, 0;
T_1.8 ;
    %jmp T_1.7;
T_1.3 ;
    %pushi/vec4 0, 0, 1;
    %assign/vec4 v0x15682b4a0_0, 0;
    %load/vec4 v0x15682afe0_0;
    %flag_set/vec4 8;
    %jmp/0xz  T_1.10, 8;
    %pushi/vec4 2, 0, 2;
    %assign/vec4 v0x15682b3f0_0, 0;
T_1.10 ;
    %jmp T_1.7;
T_1.4 ;
    %load/vec4 v0x15682b360_0;
    %load/vec4 v0x15682b090_0;
    %part/u 1;
    %assign/vec4 v0x15682b4a0_0, 0;
    %load/vec4 v0x15682afe0_0;
    %flag_set/vec4 8;
    %jmp/0xz  T_1.12, 8;
    %load/vec4 v0x15682b090_0;
    %cmpi/e 7, 0, 3;
    %jmp/0xz  T_1.14, 4;
    %pushi/vec4 3, 0, 2;
    %assign/vec4 v0x15682b3f0_0, 0;
    %jmp T_1.15;
T_1.14 ;
    %load/vec4 v0x15682b090_0;
    %addi 1, 0, 3;
    %assign/vec4 v0x15682b090_0, 0;
T_1.15 ;
T_1.12 ;
    %jmp T_1.7;
T_1.5 ;
    %pushi/vec4 1, 0, 1;
    %assign/vec4 v0x15682b4a0_0, 0;
    %load/vec4 v0x15682afe0_0;
    %flag_set/vec4 8;
    %jmp/0xz  T_1.16, 8;
    %pushi/vec4 1, 0, 1;
    %assign/vec4 v0x15682b670_0, 0;
    %pushi/vec4 0, 0, 1;
    %assign/vec4 v0x15682b130_0, 0;
    %pushi/vec4 0, 0, 2;
    %assign/vec4 v0x15682b3f0_0, 0;
T_1.16 ;
    %jmp T_1.7;
T_1.7 ;
    %pop/vec4 1;
T_1.1 ;
    %jmp T_1;
    .thread T_1;
    .scope S_0x15680f6c0;
T_2 ;
    %delay 10000, 0;
    %load/vec4 v0x15682b970_0;
    %inv;
    %store/vec4 v0x15682b970_0, 0, 1;
    %jmp T_2;
    .thread T_2;
    .scope S_0x15680f6c0;
T_3 ;
    %vpi_call/w 3 37 "$dumpfile", "sim/tx/tx.vcd" {0 0 0};
    %vpi_call/w 3 38 "$dumpvars", 32'sb00000000000000000000000000000000, S_0x15680f6c0 {0 0 0};
    %pushi/vec4 0, 0, 1;
    %store/vec4 v0x15682b970_0, 0, 1;
    %pushi/vec4 1, 0, 1;
    %store/vec4 v0x15682ba60_0, 0, 1;
    %pushi/vec4 0, 0, 1;
    %store/vec4 v0x15682bc90_0, 0, 1;
    %pushi/vec4 0, 0, 8;
    %store/vec4 v0x15682bb30_0, 0, 8;
    %delay 100000, 0;
    %pushi/vec4 0, 0, 1;
    %store/vec4 v0x15682ba60_0, 0, 1;
    %delay 40000, 0;
    %wait E_0x15680d5c0;
    %pushi/vec4 165, 0, 8;
    %store/vec4 v0x15682bb30_0, 0, 8;
    %pushi/vec4 1, 0, 1;
    %store/vec4 v0x15682bc90_0, 0, 1;
    %wait E_0x15680d5c0;
    %pushi/vec4 0, 0, 1;
    %store/vec4 v0x15682bc90_0, 0, 1;
    %wait E_0x15680ce60;
    %vpi_call/w 3 59 "$display", "A5 successfully transmitted" {0 0 0};
    %wait E_0x15680d5c0;
    %pushi/vec4 60, 0, 8;
    %store/vec4 v0x15682bb30_0, 0, 8;
    %pushi/vec4 1, 0, 1;
    %store/vec4 v0x15682bc90_0, 0, 1;
    %wait E_0x15680d5c0;
    %pushi/vec4 0, 0, 1;
    %store/vec4 v0x15682bc90_0, 0, 1;
    %wait E_0x15680ce60;
    %vpi_call/w 3 70 "$display", "3C successfully transmitted" {0 0 0};
    %vpi_call/w 3 71 "$finish" {0 0 0};
    %end;
    .thread T_3;
# The file index is used to find the file name in the following table.
:file_names 6;
    "N/A";
    "<interactive>";
    "-";
    "tb/tx_tb.sv";
    "rtl/baud_gen.sv";
    "rtl/tx.sv";
