#! /opt/homebrew/Cellar/icarus-verilog/12.0/bin/vvp
:ivl_version "12.0 (stable)";
:ivl_delay_selection "TYPICAL";
:vpi_time_precision - 12;
:vpi_module "/opt/homebrew/Cellar/icarus-verilog/12.0/lib/ivl/system.vpi";
:vpi_module "/opt/homebrew/Cellar/icarus-verilog/12.0/lib/ivl/vhdl_sys.vpi";
:vpi_module "/opt/homebrew/Cellar/icarus-verilog/12.0/lib/ivl/vhdl_textio.vpi";
:vpi_module "/opt/homebrew/Cellar/icarus-verilog/12.0/lib/ivl/v2005_math.vpi";
:vpi_module "/opt/homebrew/Cellar/icarus-verilog/12.0/lib/ivl/va_math.vpi";
:vpi_module "/opt/homebrew/Cellar/icarus-verilog/12.0/lib/ivl/v2009.vpi";
S_0x12ce19ad0 .scope package, "$unit" "$unit" 2 1;
 .timescale 0 0;
S_0x12ce19c40 .scope module, "uart_tb" "uart_tb" 3 2;
 .timescale -9 -12;
v0x12ce3f990_0 .net "busy_tb", 0 0, v0x12ce3e0a0_0;  1 drivers
v0x12ce3fa30_0 .var "clk_tb", 0 0;
v0x12ce3fb50_0 .var "rst_tb", 0 0;
v0x12ce3fc60_0 .net "rx_data_tb", 7 0, v0x12ce3efa0_0;  1 drivers
v0x12ce3fcf0_0 .net "rx_done_tb", 0 0, v0x12ce3f030_0;  1 drivers
v0x12ce3fdc0_0 .var "tx_data_tb", 7 0;
v0x12ce3fe90_0 .net "tx_done_tb", 0 0, v0x12ce3e5e0_0;  1 drivers
v0x12ce3ff20_0 .var "tx_start_tb", 0 0;
E_0x12ce08e80 .event posedge, v0x12ce3f030_0;
E_0x12ce132e0 .event posedge, v0x12ce3d890_0;
S_0x12ce11d60 .scope module, "DUT" "uart" 3 13, 4 2 0, S_0x12ce19c40;
 .timescale -9 -12;
    .port_info 0 /INPUT 1 "clk";
    .port_info 1 /INPUT 1 "rst";
    .port_info 2 /INPUT 1 "tx_start";
    .port_info 3 /INPUT 8 "tx_data";
    .port_info 4 /OUTPUT 1 "busy";
    .port_info 5 /OUTPUT 1 "tx_done";
    .port_info 6 /OUTPUT 1 "rx_done";
    .port_info 7 /OUTPUT 8 "rx_data";
v0x12ce3f280_0 .net "baud_tick", 0 0, v0x12ce086f0_0;  1 drivers
v0x12ce3f310_0 .net "busy", 0 0, v0x12ce3e0a0_0;  alias, 1 drivers
v0x12ce3f3a0_0 .net "clk", 0 0, v0x12ce3fa30_0;  1 drivers
v0x12ce3f430_0 .net "rst", 0 0, v0x12ce3fb50_0;  1 drivers
v0x12ce3f4c0_0 .net "rx_data", 7 0, v0x12ce3efa0_0;  alias, 1 drivers
v0x12ce3f590_0 .net "rx_done", 0 0, v0x12ce3f030_0;  alias, 1 drivers
v0x12ce3f620_0 .net "tx", 0 0, v0x12ce3e410_0;  1 drivers
v0x12ce3f6f0_0 .net "tx_data", 7 0, v0x12ce3fdc0_0;  1 drivers
v0x12ce3f780_0 .net "tx_done", 0 0, v0x12ce3e5e0_0;  alias, 1 drivers
v0x12ce3f890_0 .net "tx_start", 0 0, v0x12ce3ff20_0;  1 drivers
S_0x12ce11ed0 .scope module, "UUT1" "baud_gen" 4 19, 5 6 0, S_0x12ce11d60;
 .timescale -9 -12;
    .port_info 0 /INPUT 1 "clk";
    .port_info 1 /INPUT 1 "rst";
    .port_info 2 /OUTPUT 1 "baud_tick";
P_0x12ce2a870 .param/l "BAUD_RATE" 0 5 8, +C4<00000000000000011100001000000000>;
P_0x12ce2a8b0 .param/l "CLK_FREQ" 0 5 7, +C4<00000010111110101111000010000000>;
P_0x12ce2a8f0 .param/l "DIV" 1 5 17, +C4<00000000000000000000000110110010>;
v0x12ce086f0_0 .var "baud_tick", 0 0;
v0x12ce3d890_0 .net "clk", 0 0, v0x12ce3fa30_0;  alias, 1 drivers
v0x12ce3d930_0 .var "counter", 8 0;
v0x12ce3d9c0_0 .net "rst", 0 0, v0x12ce3fb50_0;  alias, 1 drivers
E_0x12ce0b270 .event posedge, v0x12ce3d9c0_0, v0x12ce3d890_0;
S_0x12ce3da60 .scope module, "UUT2" "tx" 4 25, 6 3 0, S_0x12ce11d60;
 .timescale -9 -12;
    .port_info 0 /INPUT 1 "clk";
    .port_info 1 /INPUT 1 "rst";
    .port_info 2 /INPUT 1 "baud_tick";
    .port_info 3 /INPUT 1 "tx_start";
    .port_info 4 /INPUT 8 "tx_data";
    .port_info 5 /OUTPUT 1 "tx";
    .port_info 6 /OUTPUT 1 "tx_done";
    .port_info 7 /OUTPUT 1 "busy";
P_0x12ce3dc30 .param/l "DATA" 1 6 18, C4<10>;
P_0x12ce3dc70 .param/l "IDLE" 1 6 16, C4<00>;
P_0x12ce3dcb0 .param/l "START" 1 6 17, C4<01>;
P_0x12ce3dcf0 .param/l "STOP" 1 6 19, C4<11>;
v0x12ce3df50_0 .net "baud_tick", 0 0, v0x12ce086f0_0;  alias, 1 drivers
v0x12ce3e000_0 .var "bit_index", 2 0;
v0x12ce3e0a0_0 .var "busy", 0 0;
v0x12ce3e150_0 .net "clk", 0 0, v0x12ce3fa30_0;  alias, 1 drivers
v0x12ce3e200_0 .net "rst", 0 0, v0x12ce3fb50_0;  alias, 1 drivers
v0x12ce3e2d0_0 .var "shift_reg", 7 0;
v0x12ce3e360_0 .var "state", 1 0;
v0x12ce3e410_0 .var "tx", 0 0;
v0x12ce3e4b0_0 .net "tx_data", 7 0, v0x12ce3fdc0_0;  alias, 1 drivers
v0x12ce3e5e0_0 .var "tx_done", 0 0;
v0x12ce3e680_0 .net "tx_start", 0 0, v0x12ce3ff20_0;  alias, 1 drivers
S_0x12ce3e7a0 .scope module, "UUT3" "rx" 4 36, 7 3 0, S_0x12ce11d60;
 .timescale -9 -12;
    .port_info 0 /INPUT 1 "clk";
    .port_info 1 /INPUT 1 "rst";
    .port_info 2 /INPUT 1 "baud_tick";
    .port_info 3 /INPUT 1 "rx";
    .port_info 4 /OUTPUT 1 "rx_done";
    .port_info 5 /OUTPUT 8 "rx_data";
enum0x12ce216e0 .enum4 (2)
   "IDLE" 2'b00,
   "START" 2'b01,
   "DATA" 2'b10,
   "STOP" 2'b11
 ;
v0x12ce3ea70_0 .net "baud_tick", 0 0, v0x12ce086f0_0;  alias, 1 drivers
v0x12ce3eb50_0 .var "bit_index", 2 0;
v0x12ce3ebf0_0 .net "clk", 0 0, v0x12ce3fa30_0;  alias, 1 drivers
v0x12ce3ece0_0 .var "current_state", 1 0;
v0x12ce3ed70_0 .var "next_state", 1 0;
v0x12ce3ee40_0 .net "rst", 0 0, v0x12ce3fb50_0;  alias, 1 drivers
v0x12ce3ef10_0 .net "rx", 0 0, v0x12ce3e410_0;  alias, 1 drivers
v0x12ce3efa0_0 .var "rx_data", 7 0;
v0x12ce3f030_0 .var "rx_done", 0 0;
v0x12ce3f140_0 .var "shift_reg", 7 0;
E_0x12ce3ea10 .event anyedge, v0x12ce3ece0_0, v0x12ce3e410_0, v0x12ce086f0_0, v0x12ce3eb50_0;
    .scope S_0x12ce11ed0;
T_0 ;
    %wait E_0x12ce0b270;
    %load/vec4 v0x12ce3d9c0_0;
    %flag_set/vec4 8;
    %jmp/0xz  T_0.0, 8;
    %pushi/vec4 0, 0, 9;
    %assign/vec4 v0x12ce3d930_0, 0;
    %pushi/vec4 0, 0, 1;
    %assign/vec4 v0x12ce086f0_0, 0;
    %jmp T_0.1;
T_0.0 ;
    %load/vec4 v0x12ce3d930_0;
    %pad/u 32;
    %cmpi/e 433, 0, 32;
    %jmp/0xz  T_0.2, 4;
    %pushi/vec4 0, 0, 9;
    %assign/vec4 v0x12ce3d930_0, 0;
    %pushi/vec4 1, 0, 1;
    %assign/vec4 v0x12ce086f0_0, 0;
    %jmp T_0.3;
T_0.2 ;
    %load/vec4 v0x12ce3d930_0;
    %addi 1, 0, 9;
    %assign/vec4 v0x12ce3d930_0, 0;
    %pushi/vec4 0, 0, 1;
    %assign/vec4 v0x12ce086f0_0, 0;
T_0.3 ;
T_0.1 ;
    %jmp T_0;
    .thread T_0;
    .scope S_0x12ce3da60;
T_1 ;
    %wait E_0x12ce0b270;
    %load/vec4 v0x12ce3e200_0;
    %flag_set/vec4 8;
    %jmp/0xz  T_1.0, 8;
    %pushi/vec4 0, 0, 2;
    %assign/vec4 v0x12ce3e360_0, 0;
    %pushi/vec4 1, 0, 1;
    %assign/vec4 v0x12ce3e410_0, 0;
    %pushi/vec4 0, 0, 1;
    %assign/vec4 v0x12ce3e5e0_0, 0;
    %pushi/vec4 0, 0, 1;
    %assign/vec4 v0x12ce3e0a0_0, 0;
    %pushi/vec4 0, 0, 8;
    %assign/vec4 v0x12ce3e2d0_0, 0;
    %pushi/vec4 0, 0, 3;
    %assign/vec4 v0x12ce3e000_0, 0;
    %jmp T_1.1;
T_1.0 ;
    %pushi/vec4 0, 0, 1;
    %assign/vec4 v0x12ce3e5e0_0, 0;
    %load/vec4 v0x12ce3e360_0;
    %dup/vec4;
    %pushi/vec4 0, 0, 2;
    %cmp/u;
    %jmp/1 T_1.2, 6;
    %dup/vec4;
    %pushi/vec4 1, 0, 2;
    %cmp/u;
    %jmp/1 T_1.3, 6;
    %dup/vec4;
    %pushi/vec4 2, 0, 2;
    %cmp/u;
    %jmp/1 T_1.4, 6;
    %dup/vec4;
    %pushi/vec4 3, 0, 2;
    %cmp/u;
    %jmp/1 T_1.5, 6;
    %pushi/vec4 0, 0, 2;
    %assign/vec4 v0x12ce3e360_0, 0;
    %jmp T_1.7;
T_1.2 ;
    %pushi/vec4 1, 0, 1;
    %assign/vec4 v0x12ce3e410_0, 0;
    %pushi/vec4 0, 0, 1;
    %assign/vec4 v0x12ce3e0a0_0, 0;
    %load/vec4 v0x12ce3e680_0;
    %flag_set/vec4 8;
    %jmp/0xz  T_1.8, 8;
    %load/vec4 v0x12ce3e4b0_0;
    %assign/vec4 v0x12ce3e2d0_0, 0;
    %pushi/vec4 0, 0, 3;
    %assign/vec4 v0x12ce3e000_0, 0;
    %pushi/vec4 1, 0, 1;
    %assign/vec4 v0x12ce3e0a0_0, 0;
    %pushi/vec4 1, 0, 2;
    %assign/vec4 v0x12ce3e360_0, 0;
T_1.8 ;
    %jmp T_1.7;
T_1.3 ;
    %pushi/vec4 0, 0, 1;
    %assign/vec4 v0x12ce3e410_0, 0;
    %load/vec4 v0x12ce3df50_0;
    %flag_set/vec4 8;
    %jmp/0xz  T_1.10, 8;
    %pushi/vec4 2, 0, 2;
    %assign/vec4 v0x12ce3e360_0, 0;
T_1.10 ;
    %jmp T_1.7;
T_1.4 ;
    %load/vec4 v0x12ce3e2d0_0;
    %load/vec4 v0x12ce3e000_0;
    %part/u 1;
    %assign/vec4 v0x12ce3e410_0, 0;
    %load/vec4 v0x12ce3df50_0;
    %flag_set/vec4 8;
    %jmp/0xz  T_1.12, 8;
    %load/vec4 v0x12ce3e000_0;
    %cmpi/e 7, 0, 3;
    %jmp/0xz  T_1.14, 4;
    %pushi/vec4 3, 0, 2;
    %assign/vec4 v0x12ce3e360_0, 0;
    %jmp T_1.15;
T_1.14 ;
    %load/vec4 v0x12ce3e000_0;
    %addi 1, 0, 3;
    %assign/vec4 v0x12ce3e000_0, 0;
T_1.15 ;
T_1.12 ;
    %jmp T_1.7;
T_1.5 ;
    %pushi/vec4 1, 0, 1;
    %assign/vec4 v0x12ce3e410_0, 0;
    %load/vec4 v0x12ce3df50_0;
    %flag_set/vec4 8;
    %jmp/0xz  T_1.16, 8;
    %pushi/vec4 1, 0, 1;
    %assign/vec4 v0x12ce3e5e0_0, 0;
    %pushi/vec4 0, 0, 1;
    %assign/vec4 v0x12ce3e0a0_0, 0;
    %pushi/vec4 0, 0, 2;
    %assign/vec4 v0x12ce3e360_0, 0;
T_1.16 ;
    %jmp T_1.7;
T_1.7 ;
    %pop/vec4 1;
T_1.1 ;
    %jmp T_1;
    .thread T_1;
    .scope S_0x12ce3e7a0;
T_2 ;
    %wait E_0x12ce0b270;
    %load/vec4 v0x12ce3ee40_0;
    %flag_set/vec4 8;
    %jmp/0xz  T_2.0, 8;
    %pushi/vec4 0, 0, 2;
    %assign/vec4 v0x12ce3ece0_0, 0;
    %jmp T_2.1;
T_2.0 ;
    %load/vec4 v0x12ce3ed70_0;
    %assign/vec4 v0x12ce3ece0_0, 0;
T_2.1 ;
    %jmp T_2;
    .thread T_2;
    .scope S_0x12ce3e7a0;
T_3 ;
    %wait E_0x12ce3ea10;
    %load/vec4 v0x12ce3ece0_0;
    %store/vec4 v0x12ce3ed70_0, 0, 2;
    %load/vec4 v0x12ce3ece0_0;
    %dup/vec4;
    %pushi/vec4 0, 0, 2;
    %cmp/u;
    %jmp/1 T_3.0, 6;
    %dup/vec4;
    %pushi/vec4 1, 0, 2;
    %cmp/u;
    %jmp/1 T_3.1, 6;
    %dup/vec4;
    %pushi/vec4 2, 0, 2;
    %cmp/u;
    %jmp/1 T_3.2, 6;
    %dup/vec4;
    %pushi/vec4 3, 0, 2;
    %cmp/u;
    %jmp/1 T_3.3, 6;
    %pushi/vec4 0, 0, 2;
    %store/vec4 v0x12ce3ed70_0, 0, 2;
    %jmp T_3.5;
T_3.0 ;
    %load/vec4 v0x12ce3ef10_0;
    %cmpi/e 0, 0, 1;
    %jmp/0xz  T_3.6, 4;
    %pushi/vec4 1, 0, 2;
    %store/vec4 v0x12ce3ed70_0, 0, 2;
T_3.6 ;
    %jmp T_3.5;
T_3.1 ;
    %load/vec4 v0x12ce3ea70_0;
    %flag_set/vec4 8;
    %jmp/0xz  T_3.8, 8;
    %pushi/vec4 2, 0, 2;
    %store/vec4 v0x12ce3ed70_0, 0, 2;
T_3.8 ;
    %jmp T_3.5;
T_3.2 ;
    %load/vec4 v0x12ce3ea70_0;
    %flag_set/vec4 9;
    %flag_get/vec4 9;
    %jmp/0 T_3.12, 9;
    %load/vec4 v0x12ce3eb50_0;
    %pushi/vec4 7, 0, 3;
    %cmp/e;
    %flag_get/vec4 4;
    %and;
T_3.12;
    %flag_set/vec4 8;
    %jmp/0xz  T_3.10, 8;
    %pushi/vec4 3, 0, 2;
    %store/vec4 v0x12ce3ed70_0, 0, 2;
T_3.10 ;
    %jmp T_3.5;
T_3.3 ;
    %load/vec4 v0x12ce3ea70_0;
    %flag_set/vec4 8;
    %jmp/0xz  T_3.13, 8;
    %pushi/vec4 0, 0, 2;
    %store/vec4 v0x12ce3ed70_0, 0, 2;
T_3.13 ;
    %jmp T_3.5;
T_3.5 ;
    %pop/vec4 1;
    %jmp T_3;
    .thread T_3, $push;
    .scope S_0x12ce3e7a0;
T_4 ;
    %wait E_0x12ce0b270;
    %load/vec4 v0x12ce3ee40_0;
    %flag_set/vec4 8;
    %jmp/0xz  T_4.0, 8;
    %pushi/vec4 0, 0, 3;
    %assign/vec4 v0x12ce3eb50_0, 0;
    %pushi/vec4 0, 0, 8;
    %assign/vec4 v0x12ce3f140_0, 0;
    %pushi/vec4 0, 0, 8;
    %assign/vec4 v0x12ce3efa0_0, 0;
    %pushi/vec4 0, 0, 1;
    %assign/vec4 v0x12ce3f030_0, 0;
    %jmp T_4.1;
T_4.0 ;
    %pushi/vec4 0, 0, 1;
    %assign/vec4 v0x12ce3f030_0, 0;
    %load/vec4 v0x12ce3ece0_0;
    %dup/vec4;
    %pushi/vec4 0, 0, 2;
    %cmp/u;
    %jmp/1 T_4.2, 6;
    %dup/vec4;
    %pushi/vec4 1, 0, 2;
    %cmp/u;
    %jmp/1 T_4.3, 6;
    %dup/vec4;
    %pushi/vec4 2, 0, 2;
    %cmp/u;
    %jmp/1 T_4.4, 6;
    %dup/vec4;
    %pushi/vec4 3, 0, 2;
    %cmp/u;
    %jmp/1 T_4.5, 6;
    %jmp T_4.7;
T_4.2 ;
    %pushi/vec4 0, 0, 3;
    %assign/vec4 v0x12ce3eb50_0, 0;
    %jmp T_4.7;
T_4.3 ;
    %pushi/vec4 0, 0, 3;
    %assign/vec4 v0x12ce3eb50_0, 0;
    %jmp T_4.7;
T_4.4 ;
    %load/vec4 v0x12ce3ea70_0;
    %flag_set/vec4 8;
    %jmp/0xz  T_4.8, 8;
    %load/vec4 v0x12ce3ef10_0;
    %load/vec4 v0x12ce3f140_0;
    %parti/s 7, 1, 2;
    %concat/vec4; draw_concat_vec4
    %assign/vec4 v0x12ce3f140_0, 0;
    %load/vec4 v0x12ce3eb50_0;
    %cmpi/u 7, 0, 3;
    %jmp/0xz  T_4.10, 5;
    %load/vec4 v0x12ce3eb50_0;
    %addi 1, 0, 3;
    %assign/vec4 v0x12ce3eb50_0, 0;
T_4.10 ;
T_4.8 ;
    %jmp T_4.7;
T_4.5 ;
    %load/vec4 v0x12ce3ea70_0;
    %flag_set/vec4 8;
    %jmp/0xz  T_4.12, 8;
    %load/vec4 v0x12ce3f140_0;
    %assign/vec4 v0x12ce3efa0_0, 0;
    %pushi/vec4 1, 0, 1;
    %assign/vec4 v0x12ce3f030_0, 0;
T_4.12 ;
    %jmp T_4.7;
T_4.7 ;
    %pop/vec4 1;
T_4.1 ;
    %jmp T_4;
    .thread T_4;
    .scope S_0x12ce19c40;
T_5 ;
    %delay 10000, 0;
    %load/vec4 v0x12ce3fa30_0;
    %inv;
    %store/vec4 v0x12ce3fa30_0, 0, 1;
    %jmp T_5;
    .thread T_5;
    .scope S_0x12ce19c40;
T_6 ;
    %vpi_call/w 3 27 "$dumpfile", "sim/uart/uart.vcd" {0 0 0};
    %vpi_call/w 3 28 "$dumpvars", 32'sb00000000000000000000000000000000, S_0x12ce19c40 {0 0 0};
    %pushi/vec4 0, 0, 1;
    %store/vec4 v0x12ce3fa30_0, 0, 1;
    %pushi/vec4 1, 0, 1;
    %store/vec4 v0x12ce3fb50_0, 0, 1;
    %pushi/vec4 0, 0, 1;
    %store/vec4 v0x12ce3ff20_0, 0, 1;
    %pushi/vec4 0, 0, 8;
    %store/vec4 v0x12ce3fdc0_0, 0, 8;
    %delay 100000, 0;
    %pushi/vec4 0, 0, 1;
    %store/vec4 v0x12ce3fb50_0, 0, 1;
    %delay 200000, 0;
    %wait E_0x12ce132e0;
    %pushi/vec4 165, 0, 8;
    %store/vec4 v0x12ce3fdc0_0, 0, 8;
    %pushi/vec4 1, 0, 1;
    %store/vec4 v0x12ce3ff20_0, 0, 1;
    %wait E_0x12ce132e0;
    %pushi/vec4 0, 0, 1;
    %store/vec4 v0x12ce3ff20_0, 0, 1;
    %wait E_0x12ce08e80;
    %delay 100000, 0;
    %wait E_0x12ce132e0;
    %pushi/vec4 59, 0, 8;
    %store/vec4 v0x12ce3fdc0_0, 0, 8;
    %pushi/vec4 1, 0, 1;
    %store/vec4 v0x12ce3ff20_0, 0, 1;
    %wait E_0x12ce132e0;
    %pushi/vec4 0, 0, 1;
    %store/vec4 v0x12ce3ff20_0, 0, 1;
    %wait E_0x12ce08e80;
    %delay 100000, 0;
    %wait E_0x12ce132e0;
    %pushi/vec4 66, 0, 8;
    %store/vec4 v0x12ce3fdc0_0, 0, 8;
    %pushi/vec4 1, 0, 1;
    %store/vec4 v0x12ce3ff20_0, 0, 1;
    %wait E_0x12ce132e0;
    %pushi/vec4 0, 0, 1;
    %store/vec4 v0x12ce3ff20_0, 0, 1;
    %wait E_0x12ce08e80;
    %delay 100000, 0;
    %wait E_0x12ce132e0;
    %pushi/vec4 51, 0, 8;
    %store/vec4 v0x12ce3fdc0_0, 0, 8;
    %pushi/vec4 1, 0, 1;
    %store/vec4 v0x12ce3ff20_0, 0, 1;
    %wait E_0x12ce132e0;
    %pushi/vec4 0, 0, 1;
    %store/vec4 v0x12ce3ff20_0, 0, 1;
    %wait E_0x12ce08e80;
    %delay 100000, 0;
    %delay 5000000, 0;
    %vpi_call/w 3 80 "$finish" {0 0 0};
    %end;
    .thread T_6;
    .scope S_0x12ce19c40;
T_7 ;
    %wait E_0x12ce08e80;
    %vpi_call/w 3 85 "$display", "[%0t ns] Loopback captured byte: %h", $time, v0x12ce3fc60_0 {0 0 0};
    %jmp T_7;
    .thread T_7;
# The file index is used to find the file name in the following table.
:file_names 8;
    "N/A";
    "<interactive>";
    "-";
    "tb/uart_tb.sv";
    "rtl/uart.sv";
    "rtl/baud_gen.sv";
    "rtl/tx.sv";
    "rtl/rx.sv";
