#! /opt/homebrew/Cellar/icarus-verilog/12.0/bin/vvp
:ivl_version "12.0 (stable)";
:ivl_delay_selection "TYPICAL";
:vpi_time_precision - 12;
:vpi_module "/opt/homebrew/Cellar/icarus-verilog/12.0/lib/ivl/system.vpi";
:vpi_module "/opt/homebrew/Cellar/icarus-verilog/12.0/lib/ivl/vhdl_sys.vpi";
:vpi_module "/opt/homebrew/Cellar/icarus-verilog/12.0/lib/ivl/vhdl_textio.vpi";
:vpi_module "/opt/homebrew/Cellar/icarus-verilog/12.0/lib/ivl/v2005_math.vpi";
:vpi_module "/opt/homebrew/Cellar/icarus-verilog/12.0/lib/ivl/va_math.vpi";
:vpi_module "/opt/homebrew/Cellar/icarus-verilog/12.0/lib/ivl/v2009.vpi";
S_0x14f60f690 .scope package, "$unit" "$unit" 2 1;
 .timescale 0 0;
S_0x14f60f800 .scope module, "tb_rx" "tb_rx" 3 2;
 .timescale -9 -12;
v0x14f630b10_0 .net "baud_tick_tb", 0 0, v0x14f61cad0_0;  1 drivers
v0x14f630be0_0 .var "clk_tb", 0 0;
v0x14f630cc0_0 .var "rst_tb", 0 0;
v0x14f630d90_0 .net "rx_data_tb", 7 0, v0x14f630520_0;  1 drivers
v0x14f630e20_0 .net "rx_done_tb", 0 0, v0x14f6305d0_0;  1 drivers
v0x14f630ef0_0 .var "rx_tb", 0 0;
E_0x14f608e90 .event posedge, v0x14f6305d0_0;
S_0x14f613dd0 .scope module, "UUT1" "baud_gen" 3 13, 4 6 0, S_0x14f60f800;
 .timescale -9 -12;
    .port_info 0 /INPUT 1 "clk";
    .port_info 1 /INPUT 1 "rst";
    .port_info 2 /OUTPUT 1 "baud_tick";
P_0x14f613f40 .param/l "BAUD_RATE" 0 4 8, +C4<00000000000000011100001000000000>;
P_0x14f613f80 .param/l "CLK_FREQ" 0 4 7, +C4<00000010111110101111000010000000>;
P_0x14f613fc0 .param/l "DIV" 1 4 17, +C4<00000000000000000000000110110010>;
v0x14f61cad0_0 .var "baud_tick", 0 0;
v0x14f62fba0_0 .net "clk", 0 0, v0x14f630be0_0;  1 drivers
v0x14f62fc40_0 .var "counter", 8 0;
v0x14f62fcd0_0 .net "rst", 0 0, v0x14f630cc0_0;  1 drivers
E_0x14f60fb50 .event posedge, v0x14f62fcd0_0, v0x14f62fba0_0;
S_0x14f62fd70 .scope module, "UUT2" "rx" 3 19, 5 3 0, S_0x14f60f800;
 .timescale -9 -12;
    .port_info 0 /INPUT 1 "clk";
    .port_info 1 /INPUT 1 "rst";
    .port_info 2 /INPUT 1 "baud_tick";
    .port_info 3 /INPUT 1 "rx";
    .port_info 4 /OUTPUT 1 "rx_done";
    .port_info 5 /OUTPUT 8 "rx_data";
enum0x14f6177b0 .enum4 (2)
   "IDLE" 2'b00,
   "START" 2'b01,
   "DATA" 2'b10,
   "STOP" 2'b11
 ;
v0x14f630050_0 .net "baud_tick", 0 0, v0x14f61cad0_0;  alias, 1 drivers
v0x14f630110_0 .var "bit_index", 2 0;
v0x14f6301b0_0 .net "clk", 0 0, v0x14f630be0_0;  alias, 1 drivers
v0x14f630280_0 .var "current_state", 1 0;
v0x14f630310_0 .var "next_state", 1 0;
v0x14f630400_0 .net "rst", 0 0, v0x14f630cc0_0;  alias, 1 drivers
v0x14f630490_0 .net "rx", 0 0, v0x14f630ef0_0;  1 drivers
v0x14f630520_0 .var "rx_data", 7 0;
v0x14f6305d0_0 .var "rx_done", 0 0;
v0x14f6306f0_0 .var "shift_reg", 7 0;
E_0x14f630000 .event anyedge, v0x14f630280_0, v0x14f630490_0, v0x14f61cad0_0, v0x14f630110_0;
S_0x14f630830 .scope autotask, "send_byte" "send_byte" 3 32, 3 32 0, S_0x14f60f800;
 .timescale -9 -12;
v0x14f6309f0_0 .var "data", 7 0;
v0x14f630a80_0 .var/i "i", 31 0;
TD_tb_rx.send_byte ;
    %pushi/vec4 0, 0, 1;
    %store/vec4 v0x14f630ef0_0, 0, 1;
    %delay 8681000, 0;
    %pushi/vec4 0, 0, 32;
    %store/vec4 v0x14f630a80_0, 0, 32;
T_0.0 ;
    %load/vec4 v0x14f630a80_0;
    %cmpi/s 8, 0, 32;
    %jmp/0xz T_0.1, 5;
    %load/vec4 v0x14f6309f0_0;
    %load/vec4 v0x14f630a80_0;
    %part/s 1;
    %store/vec4 v0x14f630ef0_0, 0, 1;
    %delay 8681000, 0;
    %load/vec4 v0x14f630a80_0;
    %addi 1, 0, 32;
    %store/vec4 v0x14f630a80_0, 0, 32;
    %jmp T_0.0;
T_0.1 ;
    %pushi/vec4 1, 0, 1;
    %store/vec4 v0x14f630ef0_0, 0, 1;
    %delay 8681000, 0;
    %end;
    .scope S_0x14f613dd0;
T_1 ;
    %wait E_0x14f60fb50;
    %load/vec4 v0x14f62fcd0_0;
    %flag_set/vec4 8;
    %jmp/0xz  T_1.0, 8;
    %pushi/vec4 0, 0, 9;
    %assign/vec4 v0x14f62fc40_0, 0;
    %pushi/vec4 0, 0, 1;
    %assign/vec4 v0x14f61cad0_0, 0;
    %jmp T_1.1;
T_1.0 ;
    %load/vec4 v0x14f62fc40_0;
    %pad/u 32;
    %cmpi/e 433, 0, 32;
    %jmp/0xz  T_1.2, 4;
    %pushi/vec4 0, 0, 9;
    %assign/vec4 v0x14f62fc40_0, 0;
    %pushi/vec4 1, 0, 1;
    %assign/vec4 v0x14f61cad0_0, 0;
    %jmp T_1.3;
T_1.2 ;
    %load/vec4 v0x14f62fc40_0;
    %addi 1, 0, 9;
    %assign/vec4 v0x14f62fc40_0, 0;
    %pushi/vec4 0, 0, 1;
    %assign/vec4 v0x14f61cad0_0, 0;
T_1.3 ;
T_1.1 ;
    %jmp T_1;
    .thread T_1;
    .scope S_0x14f62fd70;
T_2 ;
    %wait E_0x14f60fb50;
    %load/vec4 v0x14f630400_0;
    %flag_set/vec4 8;
    %jmp/0xz  T_2.0, 8;
    %pushi/vec4 0, 0, 2;
    %assign/vec4 v0x14f630280_0, 0;
    %jmp T_2.1;
T_2.0 ;
    %load/vec4 v0x14f630310_0;
    %assign/vec4 v0x14f630280_0, 0;
T_2.1 ;
    %jmp T_2;
    .thread T_2;
    .scope S_0x14f62fd70;
T_3 ;
    %wait E_0x14f630000;
    %load/vec4 v0x14f630280_0;
    %store/vec4 v0x14f630310_0, 0, 2;
    %load/vec4 v0x14f630280_0;
    %dup/vec4;
    %pushi/vec4 0, 0, 2;
    %cmp/u;
    %jmp/1 T_3.0, 6;
    %dup/vec4;
    %pushi/vec4 1, 0, 2;
    %cmp/u;
    %jmp/1 T_3.1, 6;
    %dup/vec4;
    %pushi/vec4 2, 0, 2;
    %cmp/u;
    %jmp/1 T_3.2, 6;
    %dup/vec4;
    %pushi/vec4 3, 0, 2;
    %cmp/u;
    %jmp/1 T_3.3, 6;
    %pushi/vec4 0, 0, 2;
    %store/vec4 v0x14f630310_0, 0, 2;
    %jmp T_3.5;
T_3.0 ;
    %load/vec4 v0x14f630490_0;
    %cmpi/e 0, 0, 1;
    %jmp/0xz  T_3.6, 4;
    %pushi/vec4 1, 0, 2;
    %store/vec4 v0x14f630310_0, 0, 2;
T_3.6 ;
    %jmp T_3.5;
T_3.1 ;
    %load/vec4 v0x14f630050_0;
    %flag_set/vec4 8;
    %jmp/0xz  T_3.8, 8;
    %pushi/vec4 2, 0, 2;
    %store/vec4 v0x14f630310_0, 0, 2;
T_3.8 ;
    %jmp T_3.5;
T_3.2 ;
    %load/vec4 v0x14f630050_0;
    %flag_set/vec4 9;
    %flag_get/vec4 9;
    %jmp/0 T_3.12, 9;
    %load/vec4 v0x14f630110_0;
    %pushi/vec4 7, 0, 3;
    %cmp/e;
    %flag_get/vec4 4;
    %and;
T_3.12;
    %flag_set/vec4 8;
    %jmp/0xz  T_3.10, 8;
    %pushi/vec4 3, 0, 2;
    %store/vec4 v0x14f630310_0, 0, 2;
T_3.10 ;
    %jmp T_3.5;
T_3.3 ;
    %load/vec4 v0x14f630050_0;
    %flag_set/vec4 8;
    %jmp/0xz  T_3.13, 8;
    %pushi/vec4 0, 0, 2;
    %store/vec4 v0x14f630310_0, 0, 2;
T_3.13 ;
    %jmp T_3.5;
T_3.5 ;
    %pop/vec4 1;
    %jmp T_3;
    .thread T_3, $push;
    .scope S_0x14f62fd70;
T_4 ;
    %wait E_0x14f60fb50;
    %load/vec4 v0x14f630400_0;
    %flag_set/vec4 8;
    %jmp/0xz  T_4.0, 8;
    %pushi/vec4 0, 0, 3;
    %assign/vec4 v0x14f630110_0, 0;
    %pushi/vec4 0, 0, 8;
    %assign/vec4 v0x14f6306f0_0, 0;
    %pushi/vec4 0, 0, 8;
    %assign/vec4 v0x14f630520_0, 0;
    %pushi/vec4 0, 0, 1;
    %assign/vec4 v0x14f6305d0_0, 0;
    %jmp T_4.1;
T_4.0 ;
    %pushi/vec4 0, 0, 1;
    %assign/vec4 v0x14f6305d0_0, 0;
    %load/vec4 v0x14f630280_0;
    %dup/vec4;
    %pushi/vec4 0, 0, 2;
    %cmp/u;
    %jmp/1 T_4.2, 6;
    %dup/vec4;
    %pushi/vec4 1, 0, 2;
    %cmp/u;
    %jmp/1 T_4.3, 6;
    %dup/vec4;
    %pushi/vec4 2, 0, 2;
    %cmp/u;
    %jmp/1 T_4.4, 6;
    %dup/vec4;
    %pushi/vec4 3, 0, 2;
    %cmp/u;
    %jmp/1 T_4.5, 6;
    %jmp T_4.7;
T_4.2 ;
    %pushi/vec4 0, 0, 3;
    %assign/vec4 v0x14f630110_0, 0;
    %jmp T_4.7;
T_4.3 ;
    %pushi/vec4 0, 0, 3;
    %assign/vec4 v0x14f630110_0, 0;
    %jmp T_4.7;
T_4.4 ;
    %load/vec4 v0x14f630050_0;
    %flag_set/vec4 8;
    %jmp/0xz  T_4.8, 8;
    %load/vec4 v0x14f630490_0;
    %load/vec4 v0x14f6306f0_0;
    %parti/s 7, 1, 2;
    %concat/vec4; draw_concat_vec4
    %assign/vec4 v0x14f6306f0_0, 0;
    %load/vec4 v0x14f630110_0;
    %cmpi/u 7, 0, 3;
    %jmp/0xz  T_4.10, 5;
    %load/vec4 v0x14f630110_0;
    %addi 1, 0, 3;
    %assign/vec4 v0x14f630110_0, 0;
T_4.10 ;
T_4.8 ;
    %jmp T_4.7;
T_4.5 ;
    %load/vec4 v0x14f630050_0;
    %flag_set/vec4 8;
    %jmp/0xz  T_4.12, 8;
    %load/vec4 v0x14f6306f0_0;
    %assign/vec4 v0x14f630520_0, 0;
    %pushi/vec4 1, 0, 1;
    %assign/vec4 v0x14f6305d0_0, 0;
T_4.12 ;
    %jmp T_4.7;
T_4.7 ;
    %pop/vec4 1;
T_4.1 ;
    %jmp T_4;
    .thread T_4;
    .scope S_0x14f60f800;
T_5 ;
    %delay 10000, 0;
    %load/vec4 v0x14f630be0_0;
    %inv;
    %store/vec4 v0x14f630be0_0, 0, 1;
    %jmp T_5;
    .thread T_5;
    .scope S_0x14f60f800;
T_6 ;
    %vpi_call/w 3 47 "$dumpfile", "sim/rx/rx.vcd" {0 0 0};
    %vpi_call/w 3 48 "$dumpvars", 32'sb00000000000000000000000000000000, S_0x14f60f800 {0 0 0};
    %pushi/vec4 0, 0, 1;
    %store/vec4 v0x14f630be0_0, 0, 1;
    %pushi/vec4 1, 0, 1;
    %store/vec4 v0x14f630cc0_0, 0, 1;
    %pushi/vec4 1, 0, 1;
    %store/vec4 v0x14f630ef0_0, 0, 1;
    %delay 100000, 0;
    %pushi/vec4 0, 0, 1;
    %store/vec4 v0x14f630cc0_0, 0, 1;
    %delay 200000, 0;
    %alloc S_0x14f630830;
    %pushi/vec4 204, 0, 8;
    %store/vec4 v0x14f6309f0_0, 0, 8;
    %fork TD_tb_rx.send_byte, S_0x14f630830;
    %join;
    %free S_0x14f630830;
    %alloc S_0x14f630830;
    %pushi/vec4 60, 0, 8;
    %store/vec4 v0x14f6309f0_0, 0, 8;
    %fork TD_tb_rx.send_byte, S_0x14f630830;
    %join;
    %free S_0x14f630830;
    %alloc S_0x14f630830;
    %pushi/vec4 113, 0, 8;
    %store/vec4 v0x14f6309f0_0, 0, 8;
    %fork TD_tb_rx.send_byte, S_0x14f630830;
    %join;
    %free S_0x14f630830;
    %alloc S_0x14f630830;
    %pushi/vec4 71, 0, 8;
    %store/vec4 v0x14f6309f0_0, 0, 8;
    %fork TD_tb_rx.send_byte, S_0x14f630830;
    %join;
    %free S_0x14f630830;
    %vpi_call/w 3 59 "$finish" {0 0 0};
    %end;
    .thread T_6;
    .scope S_0x14f60f800;
T_7 ;
    %wait E_0x14f608e90;
    %vpi_call/w 3 62 "$display", "Received data = %h", v0x14f630d90_0 {0 0 0};
    %jmp T_7;
    .thread T_7;
# The file index is used to find the file name in the following table.
:file_names 6;
    "N/A";
    "<interactive>";
    "-";
    "tb/rx_tb.sv";
    "rtl/baud_gen.sv";
    "rtl/rx.sv";
