
 /----------------------------------------------------------------------------\
 |  yosys -- Yosys Open SYnthesis Suite                                       |
 |  Copyright (C) 2012 - 2026  Claire Xenia Wolf <claire@yosyshq.com>         |
 |  Distributed under an ISC-like license, type "license" to see terms        |
 \----------------------------------------------------------------------------/
 Yosys 0.63 (git sha1 70a11c6bf0e8dd669f56c7da3587f78b405138e2, clang++ 17.0.0 -fPIC -O3)

-- Executing script file `synthesis/scripts/synth_script.ys' --

1. Executing Verilog-2005 frontend: rtl/baud_gen.sv
Parsing SystemVerilog input from `rtl/baud_gen.sv' to AST representation.
Generating RTLIL representation for module `\baud_gen'.
Successfully finished Verilog frontend.

2. Executing Verilog-2005 frontend: rtl/tx.sv
Parsing SystemVerilog input from `rtl/tx.sv' to AST representation.
Generating RTLIL representation for module `\tx'.
Successfully finished Verilog frontend.

3. Executing Verilog-2005 frontend: rtl/rx.sv
Parsing SystemVerilog input from `rtl/rx.sv' to AST representation.
Generating RTLIL representation for module `\rx'.
Successfully finished Verilog frontend.

4. Executing Verilog-2005 frontend: rtl/uart.sv
Parsing SystemVerilog input from `rtl/uart.sv' to AST representation.
Generating RTLIL representation for module `\uart'.
Successfully finished Verilog frontend.

5. Executing HIERARCHY pass (managing design hierarchy).

5.1. Analyzing design hierarchy..
Top module:  \uart
Used module:     \rx
Used module:     \tx
Used module:     \baud_gen
Parameter \CLK_FREQ = 50000000
Parameter \BAUD_RATE = 115200
Parameter \OVERSAMPLE = 16

5.2. Executing AST frontend in derive mode using pre-parsed AST for module `\baud_gen'.
Parameter \CLK_FREQ = 50000000
Parameter \BAUD_RATE = 115200
Parameter \OVERSAMPLE = 16
Generating RTLIL representation for module `$paramod$39a12da85e615a81e533773b9ada3aec9452923f\baud_gen'.
Parameter \CLK_FREQ = 50000000
Parameter \BAUD_RATE = 115200
Parameter \OVERSAMPLE = 1

5.3. Executing AST frontend in derive mode using pre-parsed AST for module `\baud_gen'.
Parameter \CLK_FREQ = 50000000
Parameter \BAUD_RATE = 115200
Parameter \OVERSAMPLE = 1
Generating RTLIL representation for module `$paramod$9da5c3afe2a58f83191830787238f4d6d8b98d33\baud_gen'.

5.4. Analyzing design hierarchy..
Top module:  \uart
Used module:     \rx
Used module:     \tx
Used module:     $paramod$39a12da85e615a81e533773b9ada3aec9452923f\baud_gen
Used module:     $paramod$9da5c3afe2a58f83191830787238f4d6d8b98d33\baud_gen

5.5. Analyzing design hierarchy..
Top module:  \uart
Used module:     \rx
Used module:     \tx
Used module:     $paramod$39a12da85e615a81e533773b9ada3aec9452923f\baud_gen
Used module:     $paramod$9da5c3afe2a58f83191830787238f4d6d8b98d33\baud_gen
Removing unused module `\baud_gen'.
Removed 1 unused modules.

6. Executing PROC pass (convert processes to netlists).

6.1. Executing PROC_CLEAN pass (remove empty switches from decision trees).
Cleaned up 0 empty switches.

6.2. Executing PROC_RMDEAD pass (remove dead branches from decision trees).
Marked 2 switch rules as full_case in process $proc$rtl/baud_gen.sv:21$31 in module $paramod$39a12da85e615a81e533773b9ada3aec9452923f\baud_gen.
Marked 5 switch rules as full_case in process $proc$rtl/rx.sv:67$20 in module rx.
Removed 1 dead cases from process $proc$rtl/rx.sv:36$9 in module rx.
Marked 6 switch rules as full_case in process $proc$rtl/rx.sv:36$9 in module rx.
Marked 1 switch rules as full_case in process $proc$rtl/rx.sv:26$8 in module rx.
Removed 1 dead cases from process $proc$rtl/tx.sv:25$4 in module tx.
Marked 3 switch rules as full_case in process $proc$rtl/tx.sv:25$4 in module tx.
Marked 2 switch rules as full_case in process $proc$rtl/baud_gen.sv:21$34 in module $paramod$9da5c3afe2a58f83191830787238f4d6d8b98d33\baud_gen.
Removed a total of 2 dead cases.

6.3. Executing PROC_PRUNE pass (remove redundant assignments in processes).
Removed 8 redundant assignments.
Promoted 1 assignment to connection.

6.4. Executing PROC_INIT pass (extract init attributes).

6.5. Executing PROC_ARST pass (detect async resets in processes).
Found async reset \rst in `$paramod$39a12da85e615a81e533773b9ada3aec9452923f\baud_gen.$proc$rtl/baud_gen.sv:21$31'.
Found async reset \rst in `\rx.$proc$rtl/rx.sv:67$20'.
Found async reset \rst in `\rx.$proc$rtl/rx.sv:26$8'.
Found async reset \rst in `\tx.$proc$rtl/tx.sv:25$4'.
Found async reset \rst in `$paramod$9da5c3afe2a58f83191830787238f4d6d8b98d33\baud_gen.$proc$rtl/baud_gen.sv:21$34'.

6.6. Executing PROC_ROM pass (convert switches to ROMs).
Converted 0 switches.
<suppressed ~24 debug messages>

6.7. Executing PROC_MUX pass (convert decision trees to multiplexers).
Creating decoders for process `$paramod$39a12da85e615a81e533773b9ada3aec9452923f\baud_gen.$proc$rtl/baud_gen.sv:21$31'.
     1/2: $0\baud_tick[0:0]
     2/2: $0\counter[4:0]
Creating decoders for process `\rx.$proc$rtl/rx.sv:67$20'.
     1/5: $0\rx_done[0:0]
     2/5: $0\sample_count[3:0]
     3/5: $0\rx_data[7:0]
     4/5: $0\bit_index[2:0]
     5/5: $0\shift_reg[7:0]
Creating decoders for process `\rx.$proc$rtl/rx.sv:36$9'.
     1/6: $6\next_state[1:0]
     2/6: $5\next_state[1:0]
     3/6: $4\next_state[1:0]
     4/6: $3\next_state[1:0]
     5/6: $2\next_state[1:0]
     6/6: $1\next_state[1:0]
Creating decoders for process `\rx.$proc$rtl/rx.sv:26$8'.
     1/1: $0\current_state[1:0]
Creating decoders for process `\tx.$proc$rtl/tx.sv:25$4'.
     1/6: $0\tx[0:0]
     2/6: $0\tx_done[0:0]
     3/6: $0\bit_index[2:0]
     4/6: $0\shift_reg[7:0]
     5/6: $0\state[1:0]
     6/6: $0\busy[0:0]
Creating decoders for process `$paramod$9da5c3afe2a58f83191830787238f4d6d8b98d33\baud_gen.$proc$rtl/baud_gen.sv:21$34'.
     1/2: $0\baud_tick[0:0]
     2/2: $0\counter[8:0]

6.8. Executing PROC_DLATCH pass (convert process syncs to latches).
No latch inferred for signal `\rx.\next_state' from process `\rx.$proc$rtl/rx.sv:36$9'.

6.9. Executing PROC_DFF pass (convert process syncs to FFs).
Creating register for signal `$paramod$39a12da85e615a81e533773b9ada3aec9452923f\baud_gen.\baud_tick' using process `$paramod$39a12da85e615a81e533773b9ada3aec9452923f\baud_gen.$proc$rtl/baud_gen.sv:21$31'.
  created $adff cell `$procdff$202' with positive edge clock and positive level reset.
Creating register for signal `$paramod$39a12da85e615a81e533773b9ada3aec9452923f\baud_gen.\counter' using process `$paramod$39a12da85e615a81e533773b9ada3aec9452923f\baud_gen.$proc$rtl/baud_gen.sv:21$31'.
  created $adff cell `$procdff$205' with positive edge clock and positive level reset.
Creating register for signal `\rx.\shift_reg' using process `\rx.$proc$rtl/rx.sv:67$20'.
  created $adff cell `$procdff$208' with positive edge clock and positive level reset.
Creating register for signal `\rx.\bit_index' using process `\rx.$proc$rtl/rx.sv:67$20'.
  created $adff cell `$procdff$211' with positive edge clock and positive level reset.
Creating register for signal `\rx.\rx_done' using process `\rx.$proc$rtl/rx.sv:67$20'.
  created $adff cell `$procdff$214' with positive edge clock and positive level reset.
Creating register for signal `\rx.\rx_data' using process `\rx.$proc$rtl/rx.sv:67$20'.
  created $adff cell `$procdff$217' with positive edge clock and positive level reset.
Creating register for signal `\rx.\sample_count' using process `\rx.$proc$rtl/rx.sv:67$20'.
  created $adff cell `$procdff$220' with positive edge clock and positive level reset.
Creating register for signal `\rx.\current_state' using process `\rx.$proc$rtl/rx.sv:26$8'.
  created $adff cell `$procdff$223' with positive edge clock and positive level reset.
Creating register for signal `\tx.\tx' using process `\tx.$proc$rtl/tx.sv:25$4'.
  created $adff cell `$procdff$226' with positive edge clock and positive level reset.
Creating register for signal `\tx.\tx_done' using process `\tx.$proc$rtl/tx.sv:25$4'.
  created $adff cell `$procdff$229' with positive edge clock and positive level reset.
Creating register for signal `\tx.\busy' using process `\tx.$proc$rtl/tx.sv:25$4'.
  created $adff cell `$procdff$232' with positive edge clock and positive level reset.
Creating register for signal `\tx.\state' using process `\tx.$proc$rtl/tx.sv:25$4'.
  created $adff cell `$procdff$235' with positive edge clock and positive level reset.
Creating register for signal `\tx.\shift_reg' using process `\tx.$proc$rtl/tx.sv:25$4'.
  created $adff cell `$procdff$238' with positive edge clock and positive level reset.
Creating register for signal `\tx.\bit_index' using process `\tx.$proc$rtl/tx.sv:25$4'.
  created $adff cell `$procdff$241' with positive edge clock and positive level reset.
Creating register for signal `$paramod$9da5c3afe2a58f83191830787238f4d6d8b98d33\baud_gen.\baud_tick' using process `$paramod$9da5c3afe2a58f83191830787238f4d6d8b98d33\baud_gen.$proc$rtl/baud_gen.sv:21$34'.
  created $adff cell `$procdff$244' with positive edge clock and positive level reset.
Creating register for signal `$paramod$9da5c3afe2a58f83191830787238f4d6d8b98d33\baud_gen.\counter' using process `$paramod$9da5c3afe2a58f83191830787238f4d6d8b98d33\baud_gen.$proc$rtl/baud_gen.sv:21$34'.
  created $adff cell `$procdff$247' with positive edge clock and positive level reset.

6.10. Executing PROC_MEMWR pass (convert process memory writes to cells).

6.11. Executing PROC_CLEAN pass (remove empty switches from decision trees).
Found and cleaned up 1 empty switch in `$paramod$39a12da85e615a81e533773b9ada3aec9452923f\baud_gen.$proc$rtl/baud_gen.sv:21$31'.
Removing empty process `$paramod$39a12da85e615a81e533773b9ada3aec9452923f\baud_gen.$proc$rtl/baud_gen.sv:21$31'.
Found and cleaned up 10 empty switches in `\rx.$proc$rtl/rx.sv:67$20'.
Removing empty process `rx.$proc$rtl/rx.sv:67$20'.
Found and cleaned up 6 empty switches in `\rx.$proc$rtl/rx.sv:36$9'.
Removing empty process `rx.$proc$rtl/rx.sv:36$9'.
Removing empty process `rx.$proc$rtl/rx.sv:26$8'.
Found and cleaned up 6 empty switches in `\tx.$proc$rtl/tx.sv:25$4'.
Removing empty process `tx.$proc$rtl/tx.sv:25$4'.
Found and cleaned up 1 empty switch in `$paramod$9da5c3afe2a58f83191830787238f4d6d8b98d33\baud_gen.$proc$rtl/baud_gen.sv:21$34'.
Removing empty process `$paramod$9da5c3afe2a58f83191830787238f4d6d8b98d33\baud_gen.$proc$rtl/baud_gen.sv:21$34'.
Cleaned up 24 empty switches.

6.12. Executing OPT_EXPR pass (perform const folding).
Optimizing module $paramod$39a12da85e615a81e533773b9ada3aec9452923f\baud_gen.
<suppressed ~2 debug messages>
Optimizing module uart.
Optimizing module rx.
<suppressed ~17 debug messages>
Optimizing module tx.
<suppressed ~11 debug messages>
Optimizing module $paramod$9da5c3afe2a58f83191830787238f4d6d8b98d33\baud_gen.
<suppressed ~2 debug messages>

7. Executing OPT pass (performing simple optimizations).

7.1. Executing OPT_EXPR pass (perform const folding).
Optimizing module $paramod$39a12da85e615a81e533773b9ada3aec9452923f\baud_gen.
Optimizing module uart.
Optimizing module rx.
Optimizing module tx.
Optimizing module $paramod$9da5c3afe2a58f83191830787238f4d6d8b98d33\baud_gen.

7.2. Executing OPT_MERGE pass (detect identical cells).
Finding identical cells in module `$paramod$39a12da85e615a81e533773b9ada3aec9452923f\baud_gen'.
Computing hashes of 6 cells of `$paramod$39a12da85e615a81e533773b9ada3aec9452923f\baud_gen'.
Finding duplicate cells in `$paramod$39a12da85e615a81e533773b9ada3aec9452923f\baud_gen'.
Finding identical cells in module `\uart'.
Computing hashes of 4 cells of `\uart'.
Finding duplicate cells in `\uart'.
Finding identical cells in module `\rx'.
Computing hashes of 79 cells of `\rx'.
Finding duplicate cells in `\rx'.
Computing hashes of 56 cells of `\rx'.
Finding duplicate cells in `\rx'.
Computing hashes of 55 cells of `\rx'.
Finding duplicate cells in `\rx'.
<suppressed ~72 debug messages>
Finding identical cells in module `\tx'.
Computing hashes of 41 cells of `\tx'.
Finding duplicate cells in `\tx'.
Computing hashes of 31 cells of `\tx'.
Finding duplicate cells in `\tx'.
<suppressed ~30 debug messages>
Finding identical cells in module `$paramod$9da5c3afe2a58f83191830787238f4d6d8b98d33\baud_gen'.
Computing hashes of 6 cells of `$paramod$9da5c3afe2a58f83191830787238f4d6d8b98d33\baud_gen'.
Finding duplicate cells in `$paramod$9da5c3afe2a58f83191830787238f4d6d8b98d33\baud_gen'.
Removed a total of 34 cells.

7.3. Executing OPT_MUXTREE pass (detect dead branches in mux trees).
Running muxtree optimizer on module $paramod$39a12da85e615a81e533773b9ada3aec9452923f\baud_gen..
  Creating internal representation of mux trees.
  Evaluating internal representation of mux trees.
  Analyzing evaluation results.
Running muxtree optimizer on module \uart..
  Creating internal representation of mux trees.
  No muxes found in this module.
Running muxtree optimizer on module \rx..
  Creating internal representation of mux trees.
  Evaluating internal representation of mux trees.
  Analyzing evaluation results.
    dead port 2/2 on $mux $procmux$137.
    dead port 2/2 on $mux $procmux$129.
    dead port 2/2 on $mux $procmux$122.
    dead port 2/2 on $mux $procmux$120.
    dead port 2/2 on $mux $procmux$106.
    dead port 2/2 on $mux $procmux$112.
Running muxtree optimizer on module \tx..
  Creating internal representation of mux trees.
  Evaluating internal representation of mux trees.
  Analyzing evaluation results.
Running muxtree optimizer on module $paramod$9da5c3afe2a58f83191830787238f4d6d8b98d33\baud_gen..
  Creating internal representation of mux trees.
  Evaluating internal representation of mux trees.
  Analyzing evaluation results.
Removed 6 multiplexer ports.
<suppressed ~73 debug messages>

7.4. Executing OPT_REDUCE pass (consolidate $*mux and $reduce_* inputs).
  Optimizing cells in module $paramod$39a12da85e615a81e533773b9ada3aec9452923f\baud_gen.
  Optimizing cells in module \uart.
  Optimizing cells in module \rx.
    New ctrl vector for $pmux cell $procmux$91: { $auto$opt_reduce.cc:137:opt_pmux$249 $procmux$141_CMP }
  Optimizing cells in module \rx.
  Optimizing cells in module \tx.
    New ctrl vector for $pmux cell $procmux$144: { $procmux$183_CMP $procmux$180_CMP $auto$opt_reduce.cc:137:opt_pmux$251 }
  Optimizing cells in module \tx.
  Optimizing cells in module $paramod$9da5c3afe2a58f83191830787238f4d6d8b98d33\baud_gen.
Performed a total of 2 changes.

7.5. Executing OPT_MERGE pass (detect identical cells).
Finding identical cells in module `$paramod$39a12da85e615a81e533773b9ada3aec9452923f\baud_gen'.
Computing hashes of 6 cells of `$paramod$39a12da85e615a81e533773b9ada3aec9452923f\baud_gen'.
Finding duplicate cells in `$paramod$39a12da85e615a81e533773b9ada3aec9452923f\baud_gen'.
Finding identical cells in module `\uart'.
Computing hashes of 4 cells of `\uart'.
Finding duplicate cells in `\uart'.
Finding identical cells in module `\rx'.
Computing hashes of 50 cells of `\rx'.
Finding duplicate cells in `\rx'.
Computing hashes of 49 cells of `\rx'.
Finding duplicate cells in `\rx'.
Computing hashes of 48 cells of `\rx'.
Finding duplicate cells in `\rx'.
<suppressed ~6 debug messages>
Finding identical cells in module `\tx'.
Computing hashes of 32 cells of `\tx'.
Finding duplicate cells in `\tx'.
Finding identical cells in module `$paramod$9da5c3afe2a58f83191830787238f4d6d8b98d33\baud_gen'.
Computing hashes of 6 cells of `$paramod$9da5c3afe2a58f83191830787238f4d6d8b98d33\baud_gen'.
Finding duplicate cells in `$paramod$9da5c3afe2a58f83191830787238f4d6d8b98d33\baud_gen'.
Removed a total of 2 cells.

7.6. Executing OPT_DFF pass (perform DFF optimizations).
Adding EN signal on $procdff$208 ($adff) from module rx (D = { \rx \shift_reg [7:1] }, Q = \shift_reg).
Adding EN signal on $procdff$217 ($adff) from module rx (D = \shift_reg, Q = \rx_data).
Adding EN signal on $procdff$211 ($adff) from module rx (D = $procmux$91_Y, Q = \bit_index).
Adding EN signal on $procdff$223 ($adff) from module rx (D = $procmux$139_Y, Q = \current_state).
Adding EN signal on $procdff$220 ($adff) from module rx (D = $procmux$57_Y, Q = \sample_count).
Adding EN signal on $procdff$238 ($adff) from module tx (D = \tx_data, Q = \shift_reg).
Adding EN signal on $procdff$235 ($adff) from module tx (D = $procmux$173_Y, Q = \state).
Adding EN signal on $procdff$241 ($adff) from module tx (D = $procmux$159_Y, Q = \bit_index).
Adding EN signal on $procdff$232 ($adff) from module tx (D = $procmux$189_Y, Q = \busy).

7.7. Executing OPT_CLEAN pass (remove unused cells and wires).
Finding unused cells or wires in module $paramod$39a12da85e615a81e533773b9ada3aec9452923f\baud_gen..
Finding unused cells or wires in module \uart..
Finding unused cells or wires in module \rx..
Finding unused cells or wires in module \tx..
Finding unused cells or wires in module $paramod$9da5c3afe2a58f83191830787238f4d6d8b98d33\baud_gen..
Removed 10 unused cells and 133 unused wires.
<suppressed ~14 debug messages>

7.8. Executing OPT_EXPR pass (perform const folding).
Optimizing module $paramod$39a12da85e615a81e533773b9ada3aec9452923f\baud_gen.
Optimizing module uart.
Optimizing module rx.
<suppressed ~2 debug messages>
Optimizing module tx.
<suppressed ~3 debug messages>
Optimizing module $paramod$9da5c3afe2a58f83191830787238f4d6d8b98d33\baud_gen.

7.9. Rerunning OPT passes. (Maybe there is more to do..)

7.10. Executing OPT_MUXTREE pass (detect dead branches in mux trees).
Running muxtree optimizer on module $paramod$39a12da85e615a81e533773b9ada3aec9452923f\baud_gen..
  Creating internal representation of mux trees.
  Evaluating internal representation of mux trees.
  Analyzing evaluation results.
Running muxtree optimizer on module \uart..
  Creating internal representation of mux trees.
  No muxes found in this module.
Running muxtree optimizer on module \rx..
  Creating internal representation of mux trees.
  Evaluating internal representation of mux trees.
  Analyzing evaluation results.
Running muxtree optimizer on module \tx..
  Creating internal representation of mux trees.
  Evaluating internal representation of mux trees.
  Analyzing evaluation results.
Running muxtree optimizer on module $paramod$9da5c3afe2a58f83191830787238f4d6d8b98d33\baud_gen..
  Creating internal representation of mux trees.
  Evaluating internal representation of mux trees.
  Analyzing evaluation results.
Removed 0 multiplexer ports.
<suppressed ~55 debug messages>

7.11. Executing OPT_REDUCE pass (consolidate $*mux and $reduce_* inputs).
  Optimizing cells in module $paramod$39a12da85e615a81e533773b9ada3aec9452923f\baud_gen.
  Optimizing cells in module \uart.
  Optimizing cells in module \rx.
    New ctrl vector for $pmux cell $procmux$57: { $procmux$138_CMP $procmux$123_CMP $auto$opt_reduce.cc:137:opt_pmux$326 }
  Optimizing cells in module \rx.
  Optimizing cells in module \tx.
  Optimizing cells in module $paramod$9da5c3afe2a58f83191830787238f4d6d8b98d33\baud_gen.
Performed a total of 1 changes.

7.12. Executing OPT_MERGE pass (detect identical cells).
Finding identical cells in module `$paramod$39a12da85e615a81e533773b9ada3aec9452923f\baud_gen'.
Computing hashes of 6 cells of `$paramod$39a12da85e615a81e533773b9ada3aec9452923f\baud_gen'.
Finding duplicate cells in `$paramod$39a12da85e615a81e533773b9ada3aec9452923f\baud_gen'.
Finding identical cells in module `\uart'.
Computing hashes of 4 cells of `\uart'.
Finding duplicate cells in `\uart'.
Finding identical cells in module `\rx'.
Computing hashes of 57 cells of `\rx'.
Finding duplicate cells in `\rx'.
Computing hashes of 56 cells of `\rx'.
Finding duplicate cells in `\rx'.
<suppressed ~3 debug messages>
Finding identical cells in module `\tx'.
Computing hashes of 46 cells of `\tx'.
Finding duplicate cells in `\tx'.
Computing hashes of 43 cells of `\tx'.
Finding duplicate cells in `\tx'.
<suppressed ~9 debug messages>
Finding identical cells in module `$paramod$9da5c3afe2a58f83191830787238f4d6d8b98d33\baud_gen'.
Computing hashes of 6 cells of `$paramod$9da5c3afe2a58f83191830787238f4d6d8b98d33\baud_gen'.
Finding duplicate cells in `$paramod$9da5c3afe2a58f83191830787238f4d6d8b98d33\baud_gen'.
Removed a total of 4 cells.

7.13. Executing OPT_DFF pass (perform DFF optimizations).
Adding EN signal on $auto$ff.cc:337:slice$280 ($adffe) from module rx (D = $0\sample_count[3:0], Q = \sample_count).

7.14. Executing OPT_CLEAN pass (remove unused cells and wires).
Finding unused cells or wires in module $paramod$39a12da85e615a81e533773b9ada3aec9452923f\baud_gen..
Finding unused cells or wires in module \uart..
Finding unused cells or wires in module \rx..
Finding unused cells or wires in module \tx..
Finding unused cells or wires in module $paramod$9da5c3afe2a58f83191830787238f4d6d8b98d33\baud_gen..
Removed 0 unused cells and 4 unused wires.
<suppressed ~2 debug messages>

7.15. Executing OPT_EXPR pass (perform const folding).
Optimizing module $paramod$39a12da85e615a81e533773b9ada3aec9452923f\baud_gen.
Optimizing module uart.
Optimizing module rx.
Optimizing module tx.
Optimizing module $paramod$9da5c3afe2a58f83191830787238f4d6d8b98d33\baud_gen.

7.16. Rerunning OPT passes. (Maybe there is more to do..)

7.17. Executing OPT_MUXTREE pass (detect dead branches in mux trees).
Running muxtree optimizer on module $paramod$39a12da85e615a81e533773b9ada3aec9452923f\baud_gen..
  Creating internal representation of mux trees.
  Evaluating internal representation of mux trees.
  Analyzing evaluation results.
Running muxtree optimizer on module \uart..
  Creating internal representation of mux trees.
  No muxes found in this module.
Running muxtree optimizer on module \rx..
  Creating internal representation of mux trees.
  Evaluating internal representation of mux trees.
  Analyzing evaluation results.
Running muxtree optimizer on module \tx..
  Creating internal representation of mux trees.
  Evaluating internal representation of mux trees.
  Analyzing evaluation results.
Running muxtree optimizer on module $paramod$9da5c3afe2a58f83191830787238f4d6d8b98d33\baud_gen..
  Creating internal representation of mux trees.
  Evaluating internal representation of mux trees.
  Analyzing evaluation results.
Removed 0 multiplexer ports.
<suppressed ~53 debug messages>

7.18. Executing OPT_REDUCE pass (consolidate $*mux and $reduce_* inputs).
  Optimizing cells in module $paramod$39a12da85e615a81e533773b9ada3aec9452923f\baud_gen.
  Optimizing cells in module \uart.
  Optimizing cells in module \rx.
    New input vector for $reduce_and cell $auto$opt_dff.cc:252:make_patterns_logic$331: { $auto$opt_dff.cc:234:make_patterns_logic$270 $auto$opt_dff.cc:234:make_patterns_logic$281 $auto$opt_dff.cc:234:make_patterns_logic$285 $auto$opt_dff.cc:234:make_patterns_logic$328 }
  Optimizing cells in module \rx.
  Optimizing cells in module \tx.
  Optimizing cells in module $paramod$9da5c3afe2a58f83191830787238f4d6d8b98d33\baud_gen.
Performed a total of 1 changes.

7.19. Executing OPT_MERGE pass (detect identical cells).
Finding identical cells in module `$paramod$39a12da85e615a81e533773b9ada3aec9452923f\baud_gen'.
Computing hashes of 6 cells of `$paramod$39a12da85e615a81e533773b9ada3aec9452923f\baud_gen'.
Finding duplicate cells in `$paramod$39a12da85e615a81e533773b9ada3aec9452923f\baud_gen'.
Finding identical cells in module `\uart'.
Computing hashes of 4 cells of `\uart'.
Finding duplicate cells in `\uart'.
Finding identical cells in module `\rx'.
Computing hashes of 58 cells of `\rx'.
Finding duplicate cells in `\rx'.
Finding identical cells in module `\tx'.
Computing hashes of 43 cells of `\tx'.
Finding duplicate cells in `\tx'.
Finding identical cells in module `$paramod$9da5c3afe2a58f83191830787238f4d6d8b98d33\baud_gen'.
Computing hashes of 6 cells of `$paramod$9da5c3afe2a58f83191830787238f4d6d8b98d33\baud_gen'.
Finding duplicate cells in `$paramod$9da5c3afe2a58f83191830787238f4d6d8b98d33\baud_gen'.
Removed a total of 0 cells.

7.20. Executing OPT_DFF pass (perform DFF optimizations).

7.21. Executing OPT_CLEAN pass (remove unused cells and wires).
Finding unused cells or wires in module $paramod$39a12da85e615a81e533773b9ada3aec9452923f\baud_gen..
Finding unused cells or wires in module \uart..
Finding unused cells or wires in module \rx..
Finding unused cells or wires in module \tx..
Finding unused cells or wires in module $paramod$9da5c3afe2a58f83191830787238f4d6d8b98d33\baud_gen..
Removed 1 unused cells and 1 unused wires.
<suppressed ~2 debug messages>

7.22. Executing OPT_EXPR pass (perform const folding).
Optimizing module $paramod$39a12da85e615a81e533773b9ada3aec9452923f\baud_gen.
Optimizing module uart.
Optimizing module rx.
Optimizing module tx.
Optimizing module $paramod$9da5c3afe2a58f83191830787238f4d6d8b98d33\baud_gen.

7.23. Rerunning OPT passes. (Maybe there is more to do..)

7.24. Executing OPT_MUXTREE pass (detect dead branches in mux trees).
Running muxtree optimizer on module $paramod$39a12da85e615a81e533773b9ada3aec9452923f\baud_gen..
  Creating internal representation of mux trees.
  Evaluating internal representation of mux trees.
  Analyzing evaluation results.
Running muxtree optimizer on module \uart..
  Creating internal representation of mux trees.
  No muxes found in this module.
Running muxtree optimizer on module \rx..
  Creating internal representation of mux trees.
  Evaluating internal representation of mux trees.
  Analyzing evaluation results.
Running muxtree optimizer on module \tx..
  Creating internal representation of mux trees.
  Evaluating internal representation of mux trees.
  Analyzing evaluation results.
Running muxtree optimizer on module $paramod$9da5c3afe2a58f83191830787238f4d6d8b98d33\baud_gen..
  Creating internal representation of mux trees.
  Evaluating internal representation of mux trees.
  Analyzing evaluation results.
Removed 0 multiplexer ports.
<suppressed ~53 debug messages>

7.25. Executing OPT_REDUCE pass (consolidate $*mux and $reduce_* inputs).
  Optimizing cells in module $paramod$39a12da85e615a81e533773b9ada3aec9452923f\baud_gen.
  Optimizing cells in module \uart.
  Optimizing cells in module \rx.
  Optimizing cells in module \tx.
  Optimizing cells in module $paramod$9da5c3afe2a58f83191830787238f4d6d8b98d33\baud_gen.
Performed a total of 0 changes.

7.26. Executing OPT_MERGE pass (detect identical cells).
Finding identical cells in module `$paramod$39a12da85e615a81e533773b9ada3aec9452923f\baud_gen'.
Computing hashes of 6 cells of `$paramod$39a12da85e615a81e533773b9ada3aec9452923f\baud_gen'.
Finding duplicate cells in `$paramod$39a12da85e615a81e533773b9ada3aec9452923f\baud_gen'.
Finding identical cells in module `\uart'.
Computing hashes of 4 cells of `\uart'.
Finding duplicate cells in `\uart'.
Finding identical cells in module `\rx'.
Computing hashes of 57 cells of `\rx'.
Finding duplicate cells in `\rx'.
Finding identical cells in module `\tx'.
Computing hashes of 43 cells of `\tx'.
Finding duplicate cells in `\tx'.
Finding identical cells in module `$paramod$9da5c3afe2a58f83191830787238f4d6d8b98d33\baud_gen'.
Computing hashes of 6 cells of `$paramod$9da5c3afe2a58f83191830787238f4d6d8b98d33\baud_gen'.
Finding duplicate cells in `$paramod$9da5c3afe2a58f83191830787238f4d6d8b98d33\baud_gen'.
Removed a total of 0 cells.

7.27. Executing OPT_DFF pass (perform DFF optimizations).

7.28. Executing OPT_CLEAN pass (remove unused cells and wires).
Finding unused cells or wires in module $paramod$39a12da85e615a81e533773b9ada3aec9452923f\baud_gen..
Finding unused cells or wires in module \uart..
Finding unused cells or wires in module \rx..
Finding unused cells or wires in module \tx..
Finding unused cells or wires in module $paramod$9da5c3afe2a58f83191830787238f4d6d8b98d33\baud_gen..

7.29. Executing OPT_EXPR pass (perform const folding).
Optimizing module $paramod$39a12da85e615a81e533773b9ada3aec9452923f\baud_gen.
Optimizing module uart.
Optimizing module rx.
Optimizing module tx.
Optimizing module $paramod$9da5c3afe2a58f83191830787238f4d6d8b98d33\baud_gen.

7.30. Finished fast OPT passes. (There is nothing left to do.)

8. Executing TECHMAP pass (map to technology primitives).

8.1. Executing Verilog-2005 frontend: /opt/homebrew/bin/../share/yosys/techmap.v
Parsing Verilog input from `/opt/homebrew/bin/../share/yosys/techmap.v' to AST representation.
Generating RTLIL representation for module `\_90_simplemap_bool_ops'.
Generating RTLIL representation for module `\_90_simplemap_reduce_ops'.
Generating RTLIL representation for module `\_90_simplemap_logic_ops'.
Generating RTLIL representation for module `\_90_simplemap_compare_ops'.
Generating RTLIL representation for module `\_90_simplemap_various'.
Generating RTLIL representation for module `\_90_simplemap_registers'.
Generating RTLIL representation for module `\_90_shift_ops_shr_shl_sshl_sshr'.
Generating RTLIL representation for module `\_90_shift_shiftx'.
Generating RTLIL representation for module `\_90_fa'.
Generating RTLIL representation for module `\_90_lcu_brent_kung'.
Generating RTLIL representation for module `\_90_alu'.
Generating RTLIL representation for module `\_90_macc'.
Generating RTLIL representation for module `\_90_alumacc'.
Generating RTLIL representation for module `$__div_mod_u'.
Generating RTLIL representation for module `$__div_mod_trunc'.
Generating RTLIL representation for module `\_90_div'.
Generating RTLIL representation for module `\_90_mod'.
Generating RTLIL representation for module `$__div_mod_floor'.
Generating RTLIL representation for module `\_90_divfloor'.
Generating RTLIL representation for module `\_90_modfloor'.
Generating RTLIL representation for module `\_90_pow'.
Generating RTLIL representation for module `\_90_pmux'.
Generating RTLIL representation for module `\_90_demux'.
Generating RTLIL representation for module `\_90_lut'.
Generating RTLIL representation for module `$connect'.
Generating RTLIL representation for module `$input_port'.
Successfully finished Verilog frontend.

8.2. Continuing TECHMAP pass.
Using extmapper simplemap for cells of type $eq.
Running "alumacc" on wrapper $extern:wrap:$add:Y_WIDTH=32:B_WIDTH=32:A_WIDTH=9:B_SIGNED=0:A_SIGNED=0:394426c56d1a028ba8fdd5469b163e04011def47.
Using template $extern:wrap:$add:Y_WIDTH=32:B_WIDTH=32:A_WIDTH=9:B_SIGNED=0:A_SIGNED=0:394426c56d1a028ba8fdd5469b163e04011def47 for cells of type $extern:wrap:$add:Y_WIDTH=32:B_WIDTH=32:A_WIDTH=9:B_SIGNED=0:A_SIGNED=0:394426c56d1a028ba8fdd5469b163e04011def47.
Using extmapper simplemap for cells of type $mux.
Using extmapper simplemap for cells of type $adff.
Using template $paramod$403d74038787d91c0514bba9bf1032f6fa919203\_90_alu for cells of type $alu.
Using extmapper simplemap for cells of type $xor.
Using template $paramod\_90_fa\WIDTH=32'00000000000000000000000000100000 for cells of type $fa.
Using template $paramod\_90_lcu_brent_kung\WIDTH=32'00000000000000000000000000100000 for cells of type $lcu.
Using extmapper simplemap for cells of type $pos.
Using extmapper simplemap for cells of type $not.
Using extmapper simplemap for cells of type $or.
Using extmapper simplemap for cells of type $and.
Using extmapper simplemap for cells of type $reduce_and.
Using extmapper simplemap for cells of type $reduce_bool.
Using extmapper simplemap for cells of type $ne.
Using extmapper simplemap for cells of type $adffe.
Using extmapper simplemap for cells of type $reduce_or.
Using template $paramod$constmap:8876c1e1fa289f4793438d4e34d232728e6a9746$paramod$92adee9538f2381d8e5006822c900eb986d754e8\_90_shift_shiftx for cells of type $shiftx.
Running "alumacc" on wrapper $extern:wrap:$add:Y_WIDTH=32:B_WIDTH=32:A_WIDTH=3:B_SIGNED=0:A_SIGNED=0:394426c56d1a028ba8fdd5469b163e04011def47.
Using template $extern:wrap:$add:Y_WIDTH=32:B_WIDTH=32:A_WIDTH=3:B_SIGNED=0:A_SIGNED=0:394426c56d1a028ba8fdd5469b163e04011def47 for cells of type $extern:wrap:$add:Y_WIDTH=32:B_WIDTH=32:A_WIDTH=3:B_SIGNED=0:A_SIGNED=0:394426c56d1a028ba8fdd5469b163e04011def47.
Using template $paramod$d629d85c8826a74239b9178d1930215a43b0ceb0\_90_pmux for cells of type $pmux.
Using template $paramod$32e7c4d6f92ff4337599ece53082d2e88a82a9f2\_90_pmux for cells of type $pmux.
Using template $paramod$068ad458e7761d78e5eed8238508872e7b0aef95\_90_pmux for cells of type $pmux.
Using template $paramod$c5c783b17ab1d780abfad8cfe6563a0a7b47a3b0\_90_pmux for cells of type $pmux.
Using extmapper simplemap for cells of type $logic_not.
Using template $paramod$076c9a7a3f037230073fe14dd4865d470cb48917\_90_alu for cells of type $alu.
Using extmapper simplemap for cells of type $logic_and.
Running "alumacc" on wrapper $extern:wrap:$lt:Y_WIDTH=1:B_WIDTH=3:A_WIDTH=3:B_SIGNED=0:A_SIGNED=0:394426c56d1a028ba8fdd5469b163e04011def47.
Using template $extern:wrap:$lt:Y_WIDTH=1:B_WIDTH=3:A_WIDTH=3:B_SIGNED=0:A_SIGNED=0:394426c56d1a028ba8fdd5469b163e04011def47 for cells of type $extern:wrap:$lt:Y_WIDTH=1:B_WIDTH=3:A_WIDTH=3:B_SIGNED=0:A_SIGNED=0:394426c56d1a028ba8fdd5469b163e04011def47.
Running "alumacc" on wrapper $extern:wrap:$add:Y_WIDTH=3:B_WIDTH=1:A_WIDTH=3:B_SIGNED=0:A_SIGNED=0:394426c56d1a028ba8fdd5469b163e04011def47.
Using template $extern:wrap:$add:Y_WIDTH=3:B_WIDTH=1:A_WIDTH=3:B_SIGNED=0:A_SIGNED=0:394426c56d1a028ba8fdd5469b163e04011def47 for cells of type $extern:wrap:$add:Y_WIDTH=3:B_WIDTH=1:A_WIDTH=3:B_SIGNED=0:A_SIGNED=0:394426c56d1a028ba8fdd5469b163e04011def47.
Running "alumacc" on wrapper $extern:wrap:$add:Y_WIDTH=32:B_WIDTH=32:A_WIDTH=4:B_SIGNED=0:A_SIGNED=0:394426c56d1a028ba8fdd5469b163e04011def47.
Using template $extern:wrap:$add:Y_WIDTH=32:B_WIDTH=32:A_WIDTH=4:B_SIGNED=0:A_SIGNED=0:394426c56d1a028ba8fdd5469b163e04011def47 for cells of type $extern:wrap:$add:Y_WIDTH=32:B_WIDTH=32:A_WIDTH=4:B_SIGNED=0:A_SIGNED=0:394426c56d1a028ba8fdd5469b163e04011def47.
Using template $paramod$c2e415ef15bc3ccd2723772353a6b450d3d76206\_90_pmux for cells of type $pmux.
Using template $paramod$78e969f2586efcf3a5b0b0440bcca0db83d5cca2\_90_alu for cells of type $alu.
Using template $paramod$3ef7d3dd227da7627a99c5e5a6a4deb817573e39\_90_alu for cells of type $alu.
Using template $paramod$a7817265ef3ab2ee43da53bbd8a90f6450d412d9\_90_alu for cells of type $alu.
Using template $paramod\_90_fa\WIDTH=32'00000000000000000000000000000011 for cells of type $fa.
Using template $paramod\_90_lcu_brent_kung\WIDTH=32'00000000000000000000000000000011 for cells of type $lcu.
Running "alumacc" on wrapper $extern:wrap:$add:Y_WIDTH=32:B_WIDTH=32:A_WIDTH=5:B_SIGNED=0:A_SIGNED=0:394426c56d1a028ba8fdd5469b163e04011def47.
Using template $extern:wrap:$add:Y_WIDTH=32:B_WIDTH=32:A_WIDTH=5:B_SIGNED=0:A_SIGNED=0:394426c56d1a028ba8fdd5469b163e04011def47 for cells of type $extern:wrap:$add:Y_WIDTH=32:B_WIDTH=32:A_WIDTH=5:B_SIGNED=0:A_SIGNED=0:394426c56d1a028ba8fdd5469b163e04011def47.
Using template $paramod$b0777dc865134c8525a4aa84de8cfa938974cad1\_90_alu for cells of type $alu.
No more expansions possible.
<suppressed ~1609 debug messages>

9. Executing DFFLIBMAP pass (mapping DFF cells to sequential cells from liberty file).
  cell sky130_fd_sc_hd__dfxtp_1 (noninv, pins=3, area=20.02) is a direct match for cell type $_DFF_P_.
  cell sky130_fd_sc_hd__dfrtn_1 (noninv, pins=4, area=25.02) is a direct match for cell type $_DFF_NN0_.
  cell sky130_fd_sc_hd__dfrtp_1 (noninv, pins=4, area=25.02) is a direct match for cell type $_DFF_PN0_.
  cell sky130_fd_sc_hd__dfstp_2 (noninv, pins=4, area=26.28) is a direct match for cell type $_DFF_PN1_.
  cell sky130_fd_sc_hd__edfxtp_1 (noninv, pins=4, area=30.03) is a direct match for cell type $_DFFE_PP_.
  cell sky130_fd_sc_hd__dfbbn_1 (noninv, pins=6, area=32.53) is a direct match for cell type $_DFFSR_NNN_.
  cell sky130_fd_sc_hd__dfbbp_1 (noninv, pins=6, area=32.53) is a direct match for cell type $_DFFSR_PNN_.
  final dff cell mappings:
    unmapped dff cell: $_DFF_N_
    \sky130_fd_sc_hd__dfxtp_1 _DFF_P_ (.CLK( C), .D( D), .Q( Q));
    \sky130_fd_sc_hd__dfrtn_1 _DFF_NN0_ (.CLK_N( C), .D( D), .Q( Q), .RESET_B( R));
    unmapped dff cell: $_DFF_NN1_
    unmapped dff cell: $_DFF_NP0_
    unmapped dff cell: $_DFF_NP1_
    \sky130_fd_sc_hd__dfrtp_1 _DFF_PN0_ (.CLK( C), .D( D), .Q( Q), .RESET_B( R));
    \sky130_fd_sc_hd__dfstp_2 _DFF_PN1_ (.CLK( C), .D( D), .Q( Q), .SET_B( R));
    unmapped dff cell: $_DFF_PP0_
    unmapped dff cell: $_DFF_PP1_
    unmapped dff cell: $_DFFE_NN_
    unmapped dff cell: $_DFFE_NP_
    unmapped dff cell: $_DFFE_PN_
    \sky130_fd_sc_hd__edfxtp_1 _DFFE_PP_ (.CLK( C), .D( D), .DE( E), .Q( Q));
    \sky130_fd_sc_hd__dfbbn_1 _DFFSR_NNN_ (.CLK_N( C), .D( D), .Q( Q), .Q_N(~Q), .RESET_B( R), .SET_B( S));
    unmapped dff cell: $_DFFSR_NNP_
    unmapped dff cell: $_DFFSR_NPN_
    unmapped dff cell: $_DFFSR_NPP_
    \sky130_fd_sc_hd__dfbbp_1 _DFFSR_PNN_ (.CLK( C), .D( D), .Q( Q), .Q_N(~Q), .RESET_B( R), .SET_B( S));
    unmapped dff cell: $_DFFSR_PNP_
    unmapped dff cell: $_DFFSR_PPN_
    unmapped dff cell: $_DFFSR_PPP_

9.1. Executing DFFLEGALIZE pass (convert FFs to types supported by the target).
<suppressed ~24 debug messages>
Mapping DFF cells in module `$paramod$39a12da85e615a81e533773b9ada3aec9452923f\baud_gen':
  mapped 6 $_DFF_PN0_ cells to \sky130_fd_sc_hd__dfrtp_1 cells.
Mapping DFF cells in module `\uart':
Mapping DFF cells in module `\rx':
  mapped 26 $_DFF_PN0_ cells to \sky130_fd_sc_hd__dfrtp_1 cells.
Mapping DFF cells in module `\tx':
  mapped 15 $_DFF_PN0_ cells to \sky130_fd_sc_hd__dfrtp_1 cells.
  mapped 1 $_DFF_PN1_ cells to \sky130_fd_sc_hd__dfstp_2 cells.
Mapping DFF cells in module `$paramod$9da5c3afe2a58f83191830787238f4d6d8b98d33\baud_gen':
  mapped 10 $_DFF_PN0_ cells to \sky130_fd_sc_hd__dfrtp_1 cells.

10. Executing ABC pass (technology mapping using ABC).

10.1. Extracting gate netlist of module `$paramod$39a12da85e615a81e533773b9ada3aec9452923f\baud_gen' to `<abc-temp-dir>/input.blif'..

10.1.1. Executed ABC.
Extracted 421 gates and 429 wires to a netlist network with 6 inputs and 12 outputs.
Running ABC script: <abc-temp-dir>/abc.script
ABC: ======== ABC command line "source <abc-temp-dir>/abc.script"
ABC: + read_blif <abc-temp-dir>/input.blif 
ABC: + read_lib -w /Users/shreyas/Desktop/Hustle/UART/sky130/sky130_fd_sc_hd__tt_025C_1v80.lib 
ABC: Parsing finished successfully.  Parsing time =     0.04 sec
ABC: Scl_LibertyReadGenlib() skipped cell "sky130_fd_sc_hd__decap_12" without logic function.
ABC: Scl_LibertyReadGenlib() skipped cell "sky130_fd_sc_hd__decap_3" without logic function.
ABC: Scl_LibertyReadGenlib() skipped cell "sky130_fd_sc_hd__decap_4" without logic function.
ABC: Scl_LibertyReadGenlib() skipped cell "sky130_fd_sc_hd__decap_6" without logic function.
ABC: Scl_LibertyReadGenlib() skipped cell "sky130_fd_sc_hd__decap_8" without logic function.
ABC: Scl_LibertyReadGenlib() skipped sequential cell "sky130_fd_sc_hd__dfbbn_1".
ABC: Scl_LibertyReadGenlib() skipped sequential cell "sky130_fd_sc_hd__dfbbn_2".
ABC: Scl_LibertyReadGenlib() skipped sequential cell "sky130_fd_sc_hd__dfbbp_1".
ABC: Scl_LibertyReadGenlib() skipped sequential cell "sky130_fd_sc_hd__dfrbp_1".
ABC: Scl_LibertyReadGenlib() skipped sequential cell "sky130_fd_sc_hd__dfrbp_2".
ABC: Scl_LibertyReadGenlib() skipped sequential cell "sky130_fd_sc_hd__dfrtn_1".
ABC: Scl_LibertyReadGenlib() skipped sequential cell "sky130_fd_sc_hd__dfrtp_1".
ABC: Scl_LibertyReadGenlib() skipped sequential cell "sky130_fd_sc_hd__dfrtp_2".
ABC: Scl_LibertyReadGenlib() skipped sequential cell "sky130_fd_sc_hd__dfrtp_4".
ABC: Scl_LibertyReadGenlib() skipped sequential cell "sky130_fd_sc_hd__dfsbp_1".
ABC: Scl_LibertyReadGenlib() skipped sequential cell "sky130_fd_sc_hd__dfsbp_2".
ABC: Scl_LibertyReadGenlib() skipped sequential cell "sky130_fd_sc_hd__dfstp_1".
ABC: Scl_LibertyReadGenlib() skipped sequential cell "sky130_fd_sc_hd__dfstp_2".
ABC: Scl_LibertyReadGenlib() skipped sequential cell "sky130_fd_sc_hd__dfstp_4".
ABC: Scl_LibertyReadGenlib() skipped sequential cell "sky130_fd_sc_hd__dfxbp_1".
ABC: Scl_LibertyReadGenlib() skipped sequential cell "sky130_fd_sc_hd__dfxbp_2".
ABC: Scl_LibertyReadGenlib() skipped sequential cell "sky130_fd_sc_hd__dfxtp_1".
ABC: Scl_LibertyReadGenlib() skipped sequential cell "sky130_fd_sc_hd__dfxtp_2".
ABC: Scl_LibertyReadGenlib() skipped sequential cell "sky130_fd_sc_hd__dfxtp_4".
ABC: Scl_LibertyReadGenlib() skipped cell "sky130_fd_sc_hd__diode_2" without logic function.
ABC: Scl_LibertyReadGenlib() skipped cell "sky130_fd_sc_hd__dlclkp_1" without logic function.
ABC: Scl_LibertyReadGenlib() skipped cell "sky130_fd_sc_hd__dlclkp_2" without logic function.
ABC: Scl_LibertyReadGenlib() skipped cell "sky130_fd_sc_hd__dlclkp_4" without logic function.
ABC: Scl_LibertyReadGenlib() skipped sequential cell "sky130_fd_sc_hd__dlrbn_1".
ABC: Scl_LibertyReadGenlib() skipped sequential cell "sky130_fd_sc_hd__dlrbn_2".
ABC: Scl_LibertyReadGenlib() skipped sequential cell "sky130_fd_sc_hd__dlrbp_1".
ABC: Scl_LibertyReadGenlib() skipped sequential cell "sky130_fd_sc_hd__dlrbp_2".
ABC: Scl_LibertyReadGenlib() skipped sequential cell "sky130_fd_sc_hd__dlrtn_1".
ABC: Scl_LibertyReadGenlib() skipped sequential cell "sky130_fd_sc_hd__dlrtn_2".
ABC: Scl_LibertyReadGenlib() skipped sequential cell "sky130_fd_sc_hd__dlrtn_4".
ABC: Scl_LibertyReadGenlib() skipped sequential cell "sky130_fd_sc_hd__dlrtp_1".
ABC: Scl_LibertyReadGenlib() skipped sequential cell "sky130_fd_sc_hd__dlrtp_2".
ABC: Scl_LibertyReadGenlib() skipped sequential cell "sky130_fd_sc_hd__dlrtp_4".
ABC: Scl_LibertyReadGenlib() skipped sequential cell "sky130_fd_sc_hd__dlxbn_1".
ABC: Scl_LibertyReadGenlib() skipped sequential cell "sky130_fd_sc_hd__dlxbn_2".
ABC: Scl_LibertyReadGenlib() skipped sequential cell "sky130_fd_sc_hd__dlxbp_1".
ABC: Scl_LibertyReadGenlib() skipped sequential cell "sky130_fd_sc_hd__dlxtn_1".
ABC: Scl_LibertyReadGenlib() skipped sequential cell "sky130_fd_sc_hd__dlxtn_2".
ABC: Scl_LibertyReadGenlib() skipped sequential cell "sky130_fd_sc_hd__dlxtn_4".
ABC: Scl_LibertyReadGenlib() skipped sequential cell "sky130_fd_sc_hd__dlxtp_1".
ABC: Scl_LibertyReadGenlib() skipped three-state cell "sky130_fd_sc_hd__ebufn_1".
ABC: Scl_LibertyReadGenlib() skipped three-state cell "sky130_fd_sc_hd__ebufn_2".
ABC: Scl_LibertyReadGenlib() skipped three-state cell "sky130_fd_sc_hd__ebufn_4".
ABC: Scl_LibertyReadGenlib() skipped three-state cell "sky130_fd_sc_hd__ebufn_8".
ABC: Scl_LibertyReadGenlib() skipped sequential cell "sky130_fd_sc_hd__edfxbp_1".
ABC: Scl_LibertyReadGenlib() skipped sequential cell "sky130_fd_sc_hd__edfxtp_1".
ABC: Scl_LibertyReadGenlib() skipped three-state cell "sky130_fd_sc_hd__einvn_0".
ABC: Scl_LibertyReadGenlib() skipped three-state cell "sky130_fd_sc_hd__einvn_1".
ABC: Scl_LibertyReadGenlib() skipped three-state cell "sky130_fd_sc_hd__einvn_2".
ABC: Scl_LibertyReadGenlib() skipped three-state cell "sky130_fd_sc_hd__einvn_4".
ABC: Scl_LibertyReadGenlib() skipped three-state cell "sky130_fd_sc_hd__einvn_8".
ABC: Scl_LibertyReadGenlib() skipped three-state cell "sky130_fd_sc_hd__einvp_1".
ABC: Scl_LibertyReadGenlib() skipped three-state cell "sky130_fd_sc_hd__einvp_2".
ABC: Scl_LibertyReadGenlib() skipped three-state cell "sky130_fd_sc_hd__einvp_4".
ABC: Scl_LibertyReadGenlib() skipped three-state cell "sky130_fd_sc_hd__einvp_8".
ABC: Scl_LibertyReadGenlib() skipped cell "sky130_fd_sc_hd__lpflow_bleeder_1" without logic function.
ABC: Scl_LibertyReadGenlib() skipped cell "sky130_fd_sc_hd__lpflow_decapkapwr_12" without logic function.
ABC: Scl_LibertyReadGenlib() skipped cell "sky130_fd_sc_hd__lpflow_decapkapwr_3" without logic function.
ABC: Scl_LibertyReadGenlib() skipped cell "sky130_fd_sc_hd__lpflow_decapkapwr_4" without logic function.
ABC: Scl_LibertyReadGenlib() skipped cell "sky130_fd_sc_hd__lpflow_decapkapwr_6" without logic function.
ABC: Scl_LibertyReadGenlib() skipped cell "sky130_fd_sc_hd__lpflow_decapkapwr_8" without logic function.
ABC: Scl_LibertyReadGenlib() skipped sequential cell "sky130_fd_sc_hd__lpflow_inputisolatch_1".
ABC: Scl_LibertyReadGenlib() skipped sequential cell "sky130_fd_sc_hd__sdfbbn_1".
ABC: Scl_LibertyReadGenlib() skipped sequential cell "sky130_fd_sc_hd__sdfbbn_2".
ABC: Scl_LibertyReadGenlib() skipped sequential cell "sky130_fd_sc_hd__sdfbbp_1".
ABC: Scl_LibertyReadGenlib() skipped sequential cell "sky130_fd_sc_hd__sdfrbp_1".
ABC: Scl_LibertyReadGenlib() skipped sequential cell "sky130_fd_sc_hd__sdfrbp_2".
ABC: Scl_LibertyReadGenlib() skipped sequential cell "sky130_fd_sc_hd__sdfrtn_1".
ABC: Scl_LibertyReadGenlib() skipped sequential cell "sky130_fd_sc_hd__sdfrtp_1".
ABC: Scl_LibertyReadGenlib() skipped sequential cell "sky130_fd_sc_hd__sdfrtp_2".
ABC: Scl_LibertyReadGenlib() skipped sequential cell "sky130_fd_sc_hd__sdfrtp_4".
ABC: Scl_LibertyReadGenlib() skipped sequential cell "sky130_fd_sc_hd__sdfsbp_1".
ABC: Scl_LibertyReadGenlib() skipped sequential cell "sky130_fd_sc_hd__sdfsbp_2".
ABC: Scl_LibertyReadGenlib() skipped sequential cell "sky130_fd_sc_hd__sdfstp_1".
ABC: Scl_LibertyReadGenlib() skipped sequential cell "sky130_fd_sc_hd__sdfstp_2".
ABC: Scl_LibertyReadGenlib() skipped sequential cell "sky130_fd_sc_hd__sdfstp_4".
ABC: Scl_LibertyReadGenlib() skipped sequential cell "sky130_fd_sc_hd__sdfxbp_1".
ABC: Scl_LibertyReadGenlib() skipped sequential cell "sky130_fd_sc_hd__sdfxbp_2".
ABC: Scl_LibertyReadGenlib() skipped sequential cell "sky130_fd_sc_hd__sdfxtp_1".
ABC: Scl_LibertyReadGenlib() skipped sequential cell "sky130_fd_sc_hd__sdfxtp_2".
ABC: Scl_LibertyReadGenlib() skipped sequential cell "sky130_fd_sc_hd__sdfxtp_4".
ABC: Scl_LibertyReadGenlib() skipped cell "sky130_fd_sc_hd__sdlclkp_1" without logic function.
ABC: Scl_LibertyReadGenlib() skipped cell "sky130_fd_sc_hd__sdlclkp_2" without logic function.
ABC: Scl_LibertyReadGenlib() skipped cell "sky130_fd_sc_hd__sdlclkp_4" without logic function.
ABC: Scl_LibertyReadGenlib() skipped sequential cell "sky130_fd_sc_hd__sedfxbp_1".
ABC: Scl_LibertyReadGenlib() skipped sequential cell "sky130_fd_sc_hd__sedfxbp_2".
ABC: Scl_LibertyReadGenlib() skipped sequential cell "sky130_fd_sc_hd__sedfxtp_1".
ABC: Scl_LibertyReadGenlib() skipped sequential cell "sky130_fd_sc_hd__sedfxtp_2".
ABC: Scl_LibertyReadGenlib() skipped sequential cell "sky130_fd_sc_hd__sedfxtp_4".
ABC: Library "sky130_fd_sc_hd__tt_025C_1v80" from "/Users/shreyas/Desktop/Hustle/UART/sky130/sky130_fd_sc_hd__tt_025C_1v80.lib" has 334 cells (94 skipped: 63 seq; 13 tri-state; 18 no func; 0 dont_use; 0 with 2 outputs; 0 with 3+ outputs).  Time =     0.05 sec
ABC: Memory =   19.85 MB. Time =     0.05 sec
ABC: Warning: Detected 9 multi-output cells (for example, "sky130_fd_sc_hd__fa_1").
ABC: + strash 
ABC: + &get -n 
ABC: + &fraig -x 
ABC: + &put 
ABC: + scorr 
ABC: Warning: The network is combinational (run "fraig" or "fraig_sweep").
ABC: + dc2 
ABC: + dretime 
ABC: + strash 
ABC: + &get -n 
ABC: + &dch -f 
ABC: + &nf 
ABC: + &put 
ABC: + write_blif <abc-temp-dir>/output.blif 

10.1.2. Re-integrating ABC results.
ABC RESULTS:   sky130_fd_sc_hd__a211oi_1 cells:        1
ABC RESULTS:   sky130_fd_sc_hd__a31oi_1 cells:        1
ABC RESULTS:   sky130_fd_sc_hd__and4_1 cells:        1
ABC RESULTS:   sky130_fd_sc_hd__clkinv_1 cells:        6
ABC RESULTS:   sky130_fd_sc_hd__nand2_1 cells:        2
ABC RESULTS:   sky130_fd_sc_hd__nor2_1 cells:        3
ABC RESULTS:   sky130_fd_sc_hd__nor3_1 cells:        1
ABC RESULTS:   sky130_fd_sc_hd__nor4b_1 cells:        1
ABC RESULTS:   sky130_fd_sc_hd__xnor2_1 cells:        2
ABC RESULTS:        internal signals:      411
ABC RESULTS:           input signals:        6
ABC RESULTS:          output signals:       12
Removing temp directory.

10.2. Extracting gate netlist of module `\uart' to `<abc-temp-dir>/input.blif'..
Don't call ABC as there is nothing to map.

10.2.1. Executed ABC.
Extracted 0 gates and 0 wires to a netlist network with 0 inputs and 0 outputs.
Removing temp directory.

10.3. Extracting gate netlist of module `\rx' to `<abc-temp-dir>/input.blif'..
Replacing 38 occurrences of constant undef bits with constant zero bits

10.3.1. Executed ABC.
Extracted 700 gates and 731 wires to a netlist network with 28 inputs and 52 outputs.
Running ABC script: <abc-temp-dir>/abc.script
ABC: ======== ABC command line "source <abc-temp-dir>/abc.script"
ABC: + read_blif <abc-temp-dir>/input.blif 
ABC: + read_lib -w /Users/shreyas/Desktop/Hustle/UART/sky130/sky130_fd_sc_hd__tt_025C_1v80.lib 
ABC: Parsing finished successfully.  Parsing time =     0.04 sec
ABC: Scl_LibertyReadGenlib() skipped cell "sky130_fd_sc_hd__decap_12" without logic function.
ABC: Scl_LibertyReadGenlib() skipped cell "sky130_fd_sc_hd__decap_3" without logic function.
ABC: Scl_LibertyReadGenlib() skipped cell "sky130_fd_sc_hd__decap_4" without logic function.
ABC: Scl_LibertyReadGenlib() skipped cell "sky130_fd_sc_hd__decap_6" without logic function.
ABC: Scl_LibertyReadGenlib() skipped cell "sky130_fd_sc_hd__decap_8" without logic function.
ABC: Scl_LibertyReadGenlib() skipped sequential cell "sky130_fd_sc_hd__dfbbn_1".
ABC: Scl_LibertyReadGenlib() skipped sequential cell "sky130_fd_sc_hd__dfbbn_2".
ABC: Scl_LibertyReadGenlib() skipped sequential cell "sky130_fd_sc_hd__dfbbp_1".
ABC: Scl_LibertyReadGenlib() skipped sequential cell "sky130_fd_sc_hd__dfrbp_1".
ABC: Scl_LibertyReadGenlib() skipped sequential cell "sky130_fd_sc_hd__dfrbp_2".
ABC: Scl_LibertyReadGenlib() skipped sequential cell "sky130_fd_sc_hd__dfrtn_1".
ABC: Scl_LibertyReadGenlib() skipped sequential cell "sky130_fd_sc_hd__dfrtp_1".
ABC: Scl_LibertyReadGenlib() skipped sequential cell "sky130_fd_sc_hd__dfrtp_2".
ABC: Scl_LibertyReadGenlib() skipped sequential cell "sky130_fd_sc_hd__dfrtp_4".
ABC: Scl_LibertyReadGenlib() skipped sequential cell "sky130_fd_sc_hd__dfsbp_1".
ABC: Scl_LibertyReadGenlib() skipped sequential cell "sky130_fd_sc_hd__dfsbp_2".
ABC: Scl_LibertyReadGenlib() skipped sequential cell "sky130_fd_sc_hd__dfstp_1".
ABC: Scl_LibertyReadGenlib() skipped sequential cell "sky130_fd_sc_hd__dfstp_2".
ABC: Scl_LibertyReadGenlib() skipped sequential cell "sky130_fd_sc_hd__dfstp_4".
ABC: Scl_LibertyReadGenlib() skipped sequential cell "sky130_fd_sc_hd__dfxbp_1".
ABC: Scl_LibertyReadGenlib() skipped sequential cell "sky130_fd_sc_hd__dfxbp_2".
ABC: Scl_LibertyReadGenlib() skipped sequential cell "sky130_fd_sc_hd__dfxtp_1".
ABC: Scl_LibertyReadGenlib() skipped sequential cell "sky130_fd_sc_hd__dfxtp_2".
ABC: Scl_LibertyReadGenlib() skipped sequential cell "sky130_fd_sc_hd__dfxtp_4".
ABC: Scl_LibertyReadGenlib() skipped cell "sky130_fd_sc_hd__diode_2" without logic function.
ABC: Scl_LibertyReadGenlib() skipped cell "sky130_fd_sc_hd__dlclkp_1" without logic function.
ABC: Scl_LibertyReadGenlib() skipped cell "sky130_fd_sc_hd__dlclkp_2" without logic function.
ABC: Scl_LibertyReadGenlib() skipped cell "sky130_fd_sc_hd__dlclkp_4" without logic function.
ABC: Scl_LibertyReadGenlib() skipped sequential cell "sky130_fd_sc_hd__dlrbn_1".
ABC: Scl_LibertyReadGenlib() skipped sequential cell "sky130_fd_sc_hd__dlrbn_2".
ABC: Scl_LibertyReadGenlib() skipped sequential cell "sky130_fd_sc_hd__dlrbp_1".
ABC: Scl_LibertyReadGenlib() skipped sequential cell "sky130_fd_sc_hd__dlrbp_2".
ABC: Scl_LibertyReadGenlib() skipped sequential cell "sky130_fd_sc_hd__dlrtn_1".
ABC: Scl_LibertyReadGenlib() skipped sequential cell "sky130_fd_sc_hd__dlrtn_2".
ABC: Scl_LibertyReadGenlib() skipped sequential cell "sky130_fd_sc_hd__dlrtn_4".
ABC: Scl_LibertyReadGenlib() skipped sequential cell "sky130_fd_sc_hd__dlrtp_1".
ABC: Scl_LibertyReadGenlib() skipped sequential cell "sky130_fd_sc_hd__dlrtp_2".
ABC: Scl_LibertyReadGenlib() skipped sequential cell "sky130_fd_sc_hd__dlrtp_4".
ABC: Scl_LibertyReadGenlib() skipped sequential cell "sky130_fd_sc_hd__dlxbn_1".
ABC: Scl_LibertyReadGenlib() skipped sequential cell "sky130_fd_sc_hd__dlxbn_2".
ABC: Scl_LibertyReadGenlib() skipped sequential cell "sky130_fd_sc_hd__dlxbp_1".
ABC: Scl_LibertyReadGenlib() skipped sequential cell "sky130_fd_sc_hd__dlxtn_1".
ABC: Scl_LibertyReadGenlib() skipped sequential cell "sky130_fd_sc_hd__dlxtn_2".
ABC: Scl_LibertyReadGenlib() skipped sequential cell "sky130_fd_sc_hd__dlxtn_4".
ABC: Scl_LibertyReadGenlib() skipped sequential cell "sky130_fd_sc_hd__dlxtp_1".
ABC: Scl_LibertyReadGenlib() skipped three-state cell "sky130_fd_sc_hd__ebufn_1".
ABC: Scl_LibertyReadGenlib() skipped three-state cell "sky130_fd_sc_hd__ebufn_2".
ABC: Scl_LibertyReadGenlib() skipped three-state cell "sky130_fd_sc_hd__ebufn_4".
ABC: Scl_LibertyReadGenlib() skipped three-state cell "sky130_fd_sc_hd__ebufn_8".
ABC: Scl_LibertyReadGenlib() skipped sequential cell "sky130_fd_sc_hd__edfxbp_1".
ABC: Scl_LibertyReadGenlib() skipped sequential cell "sky130_fd_sc_hd__edfxtp_1".
ABC: Scl_LibertyReadGenlib() skipped three-state cell "sky130_fd_sc_hd__einvn_0".
ABC: Scl_LibertyReadGenlib() skipped three-state cell "sky130_fd_sc_hd__einvn_1".
ABC: Scl_LibertyReadGenlib() skipped three-state cell "sky130_fd_sc_hd__einvn_2".
ABC: Scl_LibertyReadGenlib() skipped three-state cell "sky130_fd_sc_hd__einvn_4".
ABC: Scl_LibertyReadGenlib() skipped three-state cell "sky130_fd_sc_hd__einvn_8".
ABC: Scl_LibertyReadGenlib() skipped three-state cell "sky130_fd_sc_hd__einvp_1".
ABC: Scl_LibertyReadGenlib() skipped three-state cell "sky130_fd_sc_hd__einvp_2".
ABC: Scl_LibertyReadGenlib() skipped three-state cell "sky130_fd_sc_hd__einvp_4".
ABC: Scl_LibertyReadGenlib() skipped three-state cell "sky130_fd_sc_hd__einvp_8".
ABC: Scl_LibertyReadGenlib() skipped cell "sky130_fd_sc_hd__lpflow_bleeder_1" without logic function.
ABC: Scl_LibertyReadGenlib() skipped cell "sky130_fd_sc_hd__lpflow_decapkapwr_12" without logic function.
ABC: Scl_LibertyReadGenlib() skipped cell "sky130_fd_sc_hd__lpflow_decapkapwr_3" without logic function.
ABC: Scl_LibertyReadGenlib() skipped cell "sky130_fd_sc_hd__lpflow_decapkapwr_4" without logic function.
ABC: Scl_LibertyReadGenlib() skipped cell "sky130_fd_sc_hd__lpflow_decapkapwr_6" without logic function.
ABC: Scl_LibertyReadGenlib() skipped cell "sky130_fd_sc_hd__lpflow_decapkapwr_8" without logic function.
ABC: Scl_LibertyReadGenlib() skipped sequential cell "sky130_fd_sc_hd__lpflow_inputisolatch_1".
ABC: Scl_LibertyReadGenlib() skipped sequential cell "sky130_fd_sc_hd__sdfbbn_1".
ABC: Scl_LibertyReadGenlib() skipped sequential cell "sky130_fd_sc_hd__sdfbbn_2".
ABC: Scl_LibertyReadGenlib() skipped sequential cell "sky130_fd_sc_hd__sdfbbp_1".
ABC: Scl_LibertyReadGenlib() skipped sequential cell "sky130_fd_sc_hd__sdfrbp_1".
ABC: Scl_LibertyReadGenlib() skipped sequential cell "sky130_fd_sc_hd__sdfrbp_2".
ABC: Scl_LibertyReadGenlib() skipped sequential cell "sky130_fd_sc_hd__sdfrtn_1".
ABC: Scl_LibertyReadGenlib() skipped sequential cell "sky130_fd_sc_hd__sdfrtp_1".
ABC: Scl_LibertyReadGenlib() skipped sequential cell "sky130_fd_sc_hd__sdfrtp_2".
ABC: Scl_LibertyReadGenlib() skipped sequential cell "sky130_fd_sc_hd__sdfrtp_4".
ABC: Scl_LibertyReadGenlib() skipped sequential cell "sky130_fd_sc_hd__sdfsbp_1".
ABC: Scl_LibertyReadGenlib() skipped sequential cell "sky130_fd_sc_hd__sdfsbp_2".
ABC: Scl_LibertyReadGenlib() skipped sequential cell "sky130_fd_sc_hd__sdfstp_1".
ABC: Scl_LibertyReadGenlib() skipped sequential cell "sky130_fd_sc_hd__sdfstp_2".
ABC: Scl_LibertyReadGenlib() skipped sequential cell "sky130_fd_sc_hd__sdfstp_4".
ABC: Scl_LibertyReadGenlib() skipped sequential cell "sky130_fd_sc_hd__sdfxbp_1".
ABC: Scl_LibertyReadGenlib() skipped sequential cell "sky130_fd_sc_hd__sdfxbp_2".
ABC: Scl_LibertyReadGenlib() skipped sequential cell "sky130_fd_sc_hd__sdfxtp_1".
ABC: Scl_LibertyReadGenlib() skipped sequential cell "sky130_fd_sc_hd__sdfxtp_2".
ABC: Scl_LibertyReadGenlib() skipped sequential cell "sky130_fd_sc_hd__sdfxtp_4".
ABC: Scl_LibertyReadGenlib() skipped cell "sky130_fd_sc_hd__sdlclkp_1" without logic function.
ABC: Scl_LibertyReadGenlib() skipped cell "sky130_fd_sc_hd__sdlclkp_2" without logic function.
ABC: Scl_LibertyReadGenlib() skipped cell "sky130_fd_sc_hd__sdlclkp_4" without logic function.
ABC: Scl_LibertyReadGenlib() skipped sequential cell "sky130_fd_sc_hd__sedfxbp_1".
ABC: Scl_LibertyReadGenlib() skipped sequential cell "sky130_fd_sc_hd__sedfxbp_2".
ABC: Scl_LibertyReadGenlib() skipped sequential cell "sky130_fd_sc_hd__sedfxtp_1".
ABC: Scl_LibertyReadGenlib() skipped sequential cell "sky130_fd_sc_hd__sedfxtp_2".
ABC: Scl_LibertyReadGenlib() skipped sequential cell "sky130_fd_sc_hd__sedfxtp_4".
ABC: Library "sky130_fd_sc_hd__tt_025C_1v80" from "/Users/shreyas/Desktop/Hustle/UART/sky130/sky130_fd_sc_hd__tt_025C_1v80.lib" has 334 cells (94 skipped: 63 seq; 13 tri-state; 18 no func; 0 dont_use; 0 with 2 outputs; 0 with 3+ outputs).  Time =     0.05 sec
ABC: Memory =   19.85 MB. Time =     0.05 sec
ABC: Warning: Detected 9 multi-output cells (for example, "sky130_fd_sc_hd__fa_1").
ABC: + strash 
ABC: + &get -n 
ABC: + &fraig -x 
ABC: + &put 
ABC: + scorr 
ABC: Warning: The network is combinational (run "fraig" or "fraig_sweep").
ABC: + dc2 
ABC: + dretime 
ABC: + strash 
ABC: + &get -n 
ABC: + &dch -f 
ABC: + &nf 
ABC: + &put 
ABC: + write_blif <abc-temp-dir>/output.blif 

10.3.2. Re-integrating ABC results.
ABC RESULTS:   sky130_fd_sc_hd__a21o_1 cells:        1
ABC RESULTS:   sky130_fd_sc_hd__a21oi_1 cells:        1
ABC RESULTS:   sky130_fd_sc_hd__a22o_1 cells:        1
ABC RESULTS:   sky130_fd_sc_hd__a31o_1 cells:        1
ABC RESULTS:   sky130_fd_sc_hd__a31oi_1 cells:        1
ABC RESULTS:   sky130_fd_sc_hd__a32oi_1 cells:        1
ABC RESULTS:   sky130_fd_sc_hd__a41o_1 cells:        1
ABC RESULTS:   sky130_fd_sc_hd__and3_1 cells:        1
ABC RESULTS:   sky130_fd_sc_hd__and4_1 cells:        1
ABC RESULTS:   sky130_fd_sc_hd__clkinv_1 cells:       27
ABC RESULTS:   sky130_fd_sc_hd__lpflow_isobufsrc_1 cells:        1
ABC RESULTS:   sky130_fd_sc_hd__mux2_1 cells:       16
ABC RESULTS:   sky130_fd_sc_hd__nand2_1 cells:        2
ABC RESULTS:   sky130_fd_sc_hd__nand3_1 cells:        3
ABC RESULTS:   sky130_fd_sc_hd__nand3b_1 cells:        1
ABC RESULTS:   sky130_fd_sc_hd__nand4_1 cells:        1
ABC RESULTS:   sky130_fd_sc_hd__nor2_1 cells:        7
ABC RESULTS:   sky130_fd_sc_hd__nor3_1 cells:        2
ABC RESULTS:   sky130_fd_sc_hd__nor3b_1 cells:        1
ABC RESULTS:   sky130_fd_sc_hd__nor4b_1 cells:        1
ABC RESULTS:   sky130_fd_sc_hd__o21a_1 cells:        2
ABC RESULTS:   sky130_fd_sc_hd__o21ai_0 cells:        3
ABC RESULTS:   sky130_fd_sc_hd__o31ai_1 cells:        1
ABC RESULTS:   sky130_fd_sc_hd__or3b_1 cells:        1
ABC RESULTS:        internal signals:      651
ABC RESULTS:           input signals:       28
ABC RESULTS:          output signals:       52
Removing temp directory.

10.4. Extracting gate netlist of module `\tx' to `<abc-temp-dir>/input.blif'..
Replacing 34 occurrences of constant undef bits with constant zero bits

10.4.1. Executed ABC.
Extracted 575 gates and 603 wires to a netlist network with 25 inputs and 32 outputs.
Running ABC script: <abc-temp-dir>/abc.script
ABC: ======== ABC command line "source <abc-temp-dir>/abc.script"
ABC: + read_blif <abc-temp-dir>/input.blif 
ABC: + read_lib -w /Users/shreyas/Desktop/Hustle/UART/sky130/sky130_fd_sc_hd__tt_025C_1v80.lib 
ABC: Parsing finished successfully.  Parsing time =     0.04 sec
ABC: Scl_LibertyReadGenlib() skipped cell "sky130_fd_sc_hd__decap_12" without logic function.
ABC: Scl_LibertyReadGenlib() skipped cell "sky130_fd_sc_hd__decap_3" without logic function.
ABC: Scl_LibertyReadGenlib() skipped cell "sky130_fd_sc_hd__decap_4" without logic function.
ABC: Scl_LibertyReadGenlib() skipped cell "sky130_fd_sc_hd__decap_6" without logic function.
ABC: Scl_LibertyReadGenlib() skipped cell "sky130_fd_sc_hd__decap_8" without logic function.
ABC: Scl_LibertyReadGenlib() skipped sequential cell "sky130_fd_sc_hd__dfbbn_1".
ABC: Scl_LibertyReadGenlib() skipped sequential cell "sky130_fd_sc_hd__dfbbn_2".
ABC: Scl_LibertyReadGenlib() skipped sequential cell "sky130_fd_sc_hd__dfbbp_1".
ABC: Scl_LibertyReadGenlib() skipped sequential cell "sky130_fd_sc_hd__dfrbp_1".
ABC: Scl_LibertyReadGenlib() skipped sequential cell "sky130_fd_sc_hd__dfrbp_2".
ABC: Scl_LibertyReadGenlib() skipped sequential cell "sky130_fd_sc_hd__dfrtn_1".
ABC: Scl_LibertyReadGenlib() skipped sequential cell "sky130_fd_sc_hd__dfrtp_1".
ABC: Scl_LibertyReadGenlib() skipped sequential cell "sky130_fd_sc_hd__dfrtp_2".
ABC: Scl_LibertyReadGenlib() skipped sequential cell "sky130_fd_sc_hd__dfrtp_4".
ABC: Scl_LibertyReadGenlib() skipped sequential cell "sky130_fd_sc_hd__dfsbp_1".
ABC: Scl_LibertyReadGenlib() skipped sequential cell "sky130_fd_sc_hd__dfsbp_2".
ABC: Scl_LibertyReadGenlib() skipped sequential cell "sky130_fd_sc_hd__dfstp_1".
ABC: Scl_LibertyReadGenlib() skipped sequential cell "sky130_fd_sc_hd__dfstp_2".
ABC: Scl_LibertyReadGenlib() skipped sequential cell "sky130_fd_sc_hd__dfstp_4".
ABC: Scl_LibertyReadGenlib() skipped sequential cell "sky130_fd_sc_hd__dfxbp_1".
ABC: Scl_LibertyReadGenlib() skipped sequential cell "sky130_fd_sc_hd__dfxbp_2".
ABC: Scl_LibertyReadGenlib() skipped sequential cell "sky130_fd_sc_hd__dfxtp_1".
ABC: Scl_LibertyReadGenlib() skipped sequential cell "sky130_fd_sc_hd__dfxtp_2".
ABC: Scl_LibertyReadGenlib() skipped sequential cell "sky130_fd_sc_hd__dfxtp_4".
ABC: Scl_LibertyReadGenlib() skipped cell "sky130_fd_sc_hd__diode_2" without logic function.
ABC: Scl_LibertyReadGenlib() skipped cell "sky130_fd_sc_hd__dlclkp_1" without logic function.
ABC: Scl_LibertyReadGenlib() skipped cell "sky130_fd_sc_hd__dlclkp_2" without logic function.
ABC: Scl_LibertyReadGenlib() skipped cell "sky130_fd_sc_hd__dlclkp_4" without logic function.
ABC: Scl_LibertyReadGenlib() skipped sequential cell "sky130_fd_sc_hd__dlrbn_1".
ABC: Scl_LibertyReadGenlib() skipped sequential cell "sky130_fd_sc_hd__dlrbn_2".
ABC: Scl_LibertyReadGenlib() skipped sequential cell "sky130_fd_sc_hd__dlrbp_1".
ABC: Scl_LibertyReadGenlib() skipped sequential cell "sky130_fd_sc_hd__dlrbp_2".
ABC: Scl_LibertyReadGenlib() skipped sequential cell "sky130_fd_sc_hd__dlrtn_1".
ABC: Scl_LibertyReadGenlib() skipped sequential cell "sky130_fd_sc_hd__dlrtn_2".
ABC: Scl_LibertyReadGenlib() skipped sequential cell "sky130_fd_sc_hd__dlrtn_4".
ABC: Scl_LibertyReadGenlib() skipped sequential cell "sky130_fd_sc_hd__dlrtp_1".
ABC: Scl_LibertyReadGenlib() skipped sequential cell "sky130_fd_sc_hd__dlrtp_2".
ABC: Scl_LibertyReadGenlib() skipped sequential cell "sky130_fd_sc_hd__dlrtp_4".
ABC: Scl_LibertyReadGenlib() skipped sequential cell "sky130_fd_sc_hd__dlxbn_1".
ABC: Scl_LibertyReadGenlib() skipped sequential cell "sky130_fd_sc_hd__dlxbn_2".
ABC: Scl_LibertyReadGenlib() skipped sequential cell "sky130_fd_sc_hd__dlxbp_1".
ABC: Scl_LibertyReadGenlib() skipped sequential cell "sky130_fd_sc_hd__dlxtn_1".
ABC: Scl_LibertyReadGenlib() skipped sequential cell "sky130_fd_sc_hd__dlxtn_2".
ABC: Scl_LibertyReadGenlib() skipped sequential cell "sky130_fd_sc_hd__dlxtn_4".
ABC: Scl_LibertyReadGenlib() skipped sequential cell "sky130_fd_sc_hd__dlxtp_1".
ABC: Scl_LibertyReadGenlib() skipped three-state cell "sky130_fd_sc_hd__ebufn_1".
ABC: Scl_LibertyReadGenlib() skipped three-state cell "sky130_fd_sc_hd__ebufn_2".
ABC: Scl_LibertyReadGenlib() skipped three-state cell "sky130_fd_sc_hd__ebufn_4".
ABC: Scl_LibertyReadGenlib() skipped three-state cell "sky130_fd_sc_hd__ebufn_8".
ABC: Scl_LibertyReadGenlib() skipped sequential cell "sky130_fd_sc_hd__edfxbp_1".
ABC: Scl_LibertyReadGenlib() skipped sequential cell "sky130_fd_sc_hd__edfxtp_1".
ABC: Scl_LibertyReadGenlib() skipped three-state cell "sky130_fd_sc_hd__einvn_0".
ABC: Scl_LibertyReadGenlib() skipped three-state cell "sky130_fd_sc_hd__einvn_1".
ABC: Scl_LibertyReadGenlib() skipped three-state cell "sky130_fd_sc_hd__einvn_2".
ABC: Scl_LibertyReadGenlib() skipped three-state cell "sky130_fd_sc_hd__einvn_4".
ABC: Scl_LibertyReadGenlib() skipped three-state cell "sky130_fd_sc_hd__einvn_8".
ABC: Scl_LibertyReadGenlib() skipped three-state cell "sky130_fd_sc_hd__einvp_1".
ABC: Scl_LibertyReadGenlib() skipped three-state cell "sky130_fd_sc_hd__einvp_2".
ABC: Scl_LibertyReadGenlib() skipped three-state cell "sky130_fd_sc_hd__einvp_4".
ABC: Scl_LibertyReadGenlib() skipped three-state cell "sky130_fd_sc_hd__einvp_8".
ABC: Scl_LibertyReadGenlib() skipped cell "sky130_fd_sc_hd__lpflow_bleeder_1" without logic function.
ABC: Scl_LibertyReadGenlib() skipped cell "sky130_fd_sc_hd__lpflow_decapkapwr_12" without logic function.
ABC: Scl_LibertyReadGenlib() skipped cell "sky130_fd_sc_hd__lpflow_decapkapwr_3" without logic function.
ABC: Scl_LibertyReadGenlib() skipped cell "sky130_fd_sc_hd__lpflow_decapkapwr_4" without logic function.
ABC: Scl_LibertyReadGenlib() skipped cell "sky130_fd_sc_hd__lpflow_decapkapwr_6" without logic function.
ABC: Scl_LibertyReadGenlib() skipped cell "sky130_fd_sc_hd__lpflow_decapkapwr_8" without logic function.
ABC: Scl_LibertyReadGenlib() skipped sequential cell "sky130_fd_sc_hd__lpflow_inputisolatch_1".
ABC: Scl_LibertyReadGenlib() skipped sequential cell "sky130_fd_sc_hd__sdfbbn_1".
ABC: Scl_LibertyReadGenlib() skipped sequential cell "sky130_fd_sc_hd__sdfbbn_2".
ABC: Scl_LibertyReadGenlib() skipped sequential cell "sky130_fd_sc_hd__sdfbbp_1".
ABC: Scl_LibertyReadGenlib() skipped sequential cell "sky130_fd_sc_hd__sdfrbp_1".
ABC: Scl_LibertyReadGenlib() skipped sequential cell "sky130_fd_sc_hd__sdfrbp_2".
ABC: Scl_LibertyReadGenlib() skipped sequential cell "sky130_fd_sc_hd__sdfrtn_1".
ABC: Scl_LibertyReadGenlib() skipped sequential cell "sky130_fd_sc_hd__sdfrtp_1".
ABC: Scl_LibertyReadGenlib() skipped sequential cell "sky130_fd_sc_hd__sdfrtp_2".
ABC: Scl_LibertyReadGenlib() skipped sequential cell "sky130_fd_sc_hd__sdfrtp_4".
ABC: Scl_LibertyReadGenlib() skipped sequential cell "sky130_fd_sc_hd__sdfsbp_1".
ABC: Scl_LibertyReadGenlib() skipped sequential cell "sky130_fd_sc_hd__sdfsbp_2".
ABC: Scl_LibertyReadGenlib() skipped sequential cell "sky130_fd_sc_hd__sdfstp_1".
ABC: Scl_LibertyReadGenlib() skipped sequential cell "sky130_fd_sc_hd__sdfstp_2".
ABC: Scl_LibertyReadGenlib() skipped sequential cell "sky130_fd_sc_hd__sdfstp_4".
ABC: Scl_LibertyReadGenlib() skipped sequential cell "sky130_fd_sc_hd__sdfxbp_1".
ABC: Scl_LibertyReadGenlib() skipped sequential cell "sky130_fd_sc_hd__sdfxbp_2".
ABC: Scl_LibertyReadGenlib() skipped sequential cell "sky130_fd_sc_hd__sdfxtp_1".
ABC: Scl_LibertyReadGenlib() skipped sequential cell "sky130_fd_sc_hd__sdfxtp_2".
ABC: Scl_LibertyReadGenlib() skipped sequential cell "sky130_fd_sc_hd__sdfxtp_4".
ABC: Scl_LibertyReadGenlib() skipped cell "sky130_fd_sc_hd__sdlclkp_1" without logic function.
ABC: Scl_LibertyReadGenlib() skipped cell "sky130_fd_sc_hd__sdlclkp_2" without logic function.
ABC: Scl_LibertyReadGenlib() skipped cell "sky130_fd_sc_hd__sdlclkp_4" without logic function.
ABC: Scl_LibertyReadGenlib() skipped sequential cell "sky130_fd_sc_hd__sedfxbp_1".
ABC: Scl_LibertyReadGenlib() skipped sequential cell "sky130_fd_sc_hd__sedfxbp_2".
ABC: Scl_LibertyReadGenlib() skipped sequential cell "sky130_fd_sc_hd__sedfxtp_1".
ABC: Scl_LibertyReadGenlib() skipped sequential cell "sky130_fd_sc_hd__sedfxtp_2".
ABC: Scl_LibertyReadGenlib() skipped sequential cell "sky130_fd_sc_hd__sedfxtp_4".
ABC: Library "sky130_fd_sc_hd__tt_025C_1v80" from "/Users/shreyas/Desktop/Hustle/UART/sky130/sky130_fd_sc_hd__tt_025C_1v80.lib" has 334 cells (94 skipped: 63 seq; 13 tri-state; 18 no func; 0 dont_use; 0 with 2 outputs; 0 with 3+ outputs).  Time =     0.05 sec
ABC: Memory =   19.85 MB. Time =     0.05 sec
ABC: Warning: Detected 9 multi-output cells (for example, "sky130_fd_sc_hd__fa_1").
ABC: + strash 
ABC: + &get -n 
ABC: + &fraig -x 
ABC: + &put 
ABC: + scorr 
ABC: Warning: The network is combinational (run "fraig" or "fraig_sweep").
ABC: + dc2 
ABC: + dretime 
ABC: + strash 
ABC: + &get -n 
ABC: + &dch -f 
ABC: + &nf 
ABC: + &put 
ABC: + write_blif <abc-temp-dir>/output.blif 

10.4.2. Re-integrating ABC results.
ABC RESULTS:   sky130_fd_sc_hd__a21o_1 cells:        1
ABC RESULTS:   sky130_fd_sc_hd__a21oi_1 cells:        3
ABC RESULTS:   sky130_fd_sc_hd__a41oi_1 cells:        1
ABC RESULTS:   sky130_fd_sc_hd__and3_1 cells:        1
ABC RESULTS:   sky130_fd_sc_hd__and3b_1 cells:        1
ABC RESULTS:   sky130_fd_sc_hd__clkinv_1 cells:       18
ABC RESULTS:   sky130_fd_sc_hd__lpflow_inputiso1p_1 cells:        1
ABC RESULTS:   sky130_fd_sc_hd__lpflow_isobufsrc_1 cells:        1
ABC RESULTS:   sky130_fd_sc_hd__mux2_1 cells:        9
ABC RESULTS:   sky130_fd_sc_hd__mux2i_1 cells:        1
ABC RESULTS:   sky130_fd_sc_hd__nand2_1 cells:        2
ABC RESULTS:   sky130_fd_sc_hd__nand2b_1 cells:        4
ABC RESULTS:   sky130_fd_sc_hd__nand3_1 cells:        3
ABC RESULTS:   sky130_fd_sc_hd__nor2_1 cells:        4
ABC RESULTS:   sky130_fd_sc_hd__nor3b_1 cells:        1
ABC RESULTS:   sky130_fd_sc_hd__o2111ai_1 cells:        2
ABC RESULTS:   sky130_fd_sc_hd__o21ai_0 cells:        4
ABC RESULTS:   sky130_fd_sc_hd__o22a_1 cells:        1
ABC RESULTS:   sky130_fd_sc_hd__or3_1 cells:        1
ABC RESULTS:   sky130_fd_sc_hd__xnor2_1 cells:        1
ABC RESULTS:   sky130_fd_sc_hd__xor2_1 cells:        1
ABC RESULTS:        internal signals:      546
ABC RESULTS:           input signals:       25
ABC RESULTS:          output signals:       32
Removing temp directory.

10.5. Extracting gate netlist of module `$paramod$9da5c3afe2a58f83191830787238f4d6d8b98d33\baud_gen' to `<abc-temp-dir>/input.blif'..

10.5.1. Executed ABC.
Extracted 437 gates and 449 wires to a netlist network with 10 inputs and 20 outputs.
Running ABC script: <abc-temp-dir>/abc.script
ABC: ======== ABC command line "source <abc-temp-dir>/abc.script"
ABC: + read_blif <abc-temp-dir>/input.blif 
ABC: + read_lib -w /Users/shreyas/Desktop/Hustle/UART/sky130/sky130_fd_sc_hd__tt_025C_1v80.lib 
ABC: Parsing finished successfully.  Parsing time =     0.04 sec
ABC: Scl_LibertyReadGenlib() skipped cell "sky130_fd_sc_hd__decap_12" without logic function.
ABC: Scl_LibertyReadGenlib() skipped cell "sky130_fd_sc_hd__decap_3" without logic function.
ABC: Scl_LibertyReadGenlib() skipped cell "sky130_fd_sc_hd__decap_4" without logic function.
ABC: Scl_LibertyReadGenlib() skipped cell "sky130_fd_sc_hd__decap_6" without logic function.
ABC: Scl_LibertyReadGenlib() skipped cell "sky130_fd_sc_hd__decap_8" without logic function.
ABC: Scl_LibertyReadGenlib() skipped sequential cell "sky130_fd_sc_hd__dfbbn_1".
ABC: Scl_LibertyReadGenlib() skipped sequential cell "sky130_fd_sc_hd__dfbbn_2".
ABC: Scl_LibertyReadGenlib() skipped sequential cell "sky130_fd_sc_hd__dfbbp_1".
ABC: Scl_LibertyReadGenlib() skipped sequential cell "sky130_fd_sc_hd__dfrbp_1".
ABC: Scl_LibertyReadGenlib() skipped sequential cell "sky130_fd_sc_hd__dfrbp_2".
ABC: Scl_LibertyReadGenlib() skipped sequential cell "sky130_fd_sc_hd__dfrtn_1".
ABC: Scl_LibertyReadGenlib() skipped sequential cell "sky130_fd_sc_hd__dfrtp_1".
ABC: Scl_LibertyReadGenlib() skipped sequential cell "sky130_fd_sc_hd__dfrtp_2".
ABC: Scl_LibertyReadGenlib() skipped sequential cell "sky130_fd_sc_hd__dfrtp_4".
ABC: Scl_LibertyReadGenlib() skipped sequential cell "sky130_fd_sc_hd__dfsbp_1".
ABC: Scl_LibertyReadGenlib() skipped sequential cell "sky130_fd_sc_hd__dfsbp_2".
ABC: Scl_LibertyReadGenlib() skipped sequential cell "sky130_fd_sc_hd__dfstp_1".
ABC: Scl_LibertyReadGenlib() skipped sequential cell "sky130_fd_sc_hd__dfstp_2".
ABC: Scl_LibertyReadGenlib() skipped sequential cell "sky130_fd_sc_hd__dfstp_4".
ABC: Scl_LibertyReadGenlib() skipped sequential cell "sky130_fd_sc_hd__dfxbp_1".
ABC: Scl_LibertyReadGenlib() skipped sequential cell "sky130_fd_sc_hd__dfxbp_2".
ABC: Scl_LibertyReadGenlib() skipped sequential cell "sky130_fd_sc_hd__dfxtp_1".
ABC: Scl_LibertyReadGenlib() skipped sequential cell "sky130_fd_sc_hd__dfxtp_2".
ABC: Scl_LibertyReadGenlib() skipped sequential cell "sky130_fd_sc_hd__dfxtp_4".
ABC: Scl_LibertyReadGenlib() skipped cell "sky130_fd_sc_hd__diode_2" without logic function.
ABC: Scl_LibertyReadGenlib() skipped cell "sky130_fd_sc_hd__dlclkp_1" without logic function.
ABC: Scl_LibertyReadGenlib() skipped cell "sky130_fd_sc_hd__dlclkp_2" without logic function.
ABC: Scl_LibertyReadGenlib() skipped cell "sky130_fd_sc_hd__dlclkp_4" without logic function.
ABC: Scl_LibertyReadGenlib() skipped sequential cell "sky130_fd_sc_hd__dlrbn_1".
ABC: Scl_LibertyReadGenlib() skipped sequential cell "sky130_fd_sc_hd__dlrbn_2".
ABC: Scl_LibertyReadGenlib() skipped sequential cell "sky130_fd_sc_hd__dlrbp_1".
ABC: Scl_LibertyReadGenlib() skipped sequential cell "sky130_fd_sc_hd__dlrbp_2".
ABC: Scl_LibertyReadGenlib() skipped sequential cell "sky130_fd_sc_hd__dlrtn_1".
ABC: Scl_LibertyReadGenlib() skipped sequential cell "sky130_fd_sc_hd__dlrtn_2".
ABC: Scl_LibertyReadGenlib() skipped sequential cell "sky130_fd_sc_hd__dlrtn_4".
ABC: Scl_LibertyReadGenlib() skipped sequential cell "sky130_fd_sc_hd__dlrtp_1".
ABC: Scl_LibertyReadGenlib() skipped sequential cell "sky130_fd_sc_hd__dlrtp_2".
ABC: Scl_LibertyReadGenlib() skipped sequential cell "sky130_fd_sc_hd__dlrtp_4".
ABC: Scl_LibertyReadGenlib() skipped sequential cell "sky130_fd_sc_hd__dlxbn_1".
ABC: Scl_LibertyReadGenlib() skipped sequential cell "sky130_fd_sc_hd__dlxbn_2".
ABC: Scl_LibertyReadGenlib() skipped sequential cell "sky130_fd_sc_hd__dlxbp_1".
ABC: Scl_LibertyReadGenlib() skipped sequential cell "sky130_fd_sc_hd__dlxtn_1".
ABC: Scl_LibertyReadGenlib() skipped sequential cell "sky130_fd_sc_hd__dlxtn_2".
ABC: Scl_LibertyReadGenlib() skipped sequential cell "sky130_fd_sc_hd__dlxtn_4".
ABC: Scl_LibertyReadGenlib() skipped sequential cell "sky130_fd_sc_hd__dlxtp_1".
ABC: Scl_LibertyReadGenlib() skipped three-state cell "sky130_fd_sc_hd__ebufn_1".
ABC: Scl_LibertyReadGenlib() skipped three-state cell "sky130_fd_sc_hd__ebufn_2".
ABC: Scl_LibertyReadGenlib() skipped three-state cell "sky130_fd_sc_hd__ebufn_4".
ABC: Scl_LibertyReadGenlib() skipped three-state cell "sky130_fd_sc_hd__ebufn_8".
ABC: Scl_LibertyReadGenlib() skipped sequential cell "sky130_fd_sc_hd__edfxbp_1".
ABC: Scl_LibertyReadGenlib() skipped sequential cell "sky130_fd_sc_hd__edfxtp_1".
ABC: Scl_LibertyReadGenlib() skipped three-state cell "sky130_fd_sc_hd__einvn_0".
ABC: Scl_LibertyReadGenlib() skipped three-state cell "sky130_fd_sc_hd__einvn_1".
ABC: Scl_LibertyReadGenlib() skipped three-state cell "sky130_fd_sc_hd__einvn_2".
ABC: Scl_LibertyReadGenlib() skipped three-state cell "sky130_fd_sc_hd__einvn_4".
ABC: Scl_LibertyReadGenlib() skipped three-state cell "sky130_fd_sc_hd__einvn_8".
ABC: Scl_LibertyReadGenlib() skipped three-state cell "sky130_fd_sc_hd__einvp_1".
ABC: Scl_LibertyReadGenlib() skipped three-state cell "sky130_fd_sc_hd__einvp_2".
ABC: Scl_LibertyReadGenlib() skipped three-state cell "sky130_fd_sc_hd__einvp_4".
ABC: Scl_LibertyReadGenlib() skipped three-state cell "sky130_fd_sc_hd__einvp_8".
ABC: Scl_LibertyReadGenlib() skipped cell "sky130_fd_sc_hd__lpflow_bleeder_1" without logic function.
ABC: Scl_LibertyReadGenlib() skipped cell "sky130_fd_sc_hd__lpflow_decapkapwr_12" without logic function.
ABC: Scl_LibertyReadGenlib() skipped cell "sky130_fd_sc_hd__lpflow_decapkapwr_3" without logic function.
ABC: Scl_LibertyReadGenlib() skipped cell "sky130_fd_sc_hd__lpflow_decapkapwr_4" without logic function.
ABC: Scl_LibertyReadGenlib() skipped cell "sky130_fd_sc_hd__lpflow_decapkapwr_6" without logic function.
ABC: Scl_LibertyReadGenlib() skipped cell "sky130_fd_sc_hd__lpflow_decapkapwr_8" without logic function.
ABC: Scl_LibertyReadGenlib() skipped sequential cell "sky130_fd_sc_hd__lpflow_inputisolatch_1".
ABC: Scl_LibertyReadGenlib() skipped sequential cell "sky130_fd_sc_hd__sdfbbn_1".
ABC: Scl_LibertyReadGenlib() skipped sequential cell "sky130_fd_sc_hd__sdfbbn_2".
ABC: Scl_LibertyReadGenlib() skipped sequential cell "sky130_fd_sc_hd__sdfbbp_1".
ABC: Scl_LibertyReadGenlib() skipped sequential cell "sky130_fd_sc_hd__sdfrbp_1".
ABC: Scl_LibertyReadGenlib() skipped sequential cell "sky130_fd_sc_hd__sdfrbp_2".
ABC: Scl_LibertyReadGenlib() skipped sequential cell "sky130_fd_sc_hd__sdfrtn_1".
ABC: Scl_LibertyReadGenlib() skipped sequential cell "sky130_fd_sc_hd__sdfrtp_1".
ABC: Scl_LibertyReadGenlib() skipped sequential cell "sky130_fd_sc_hd__sdfrtp_2".
ABC: Scl_LibertyReadGenlib() skipped sequential cell "sky130_fd_sc_hd__sdfrtp_4".
ABC: Scl_LibertyReadGenlib() skipped sequential cell "sky130_fd_sc_hd__sdfsbp_1".
ABC: Scl_LibertyReadGenlib() skipped sequential cell "sky130_fd_sc_hd__sdfsbp_2".
ABC: Scl_LibertyReadGenlib() skipped sequential cell "sky130_fd_sc_hd__sdfstp_1".
ABC: Scl_LibertyReadGenlib() skipped sequential cell "sky130_fd_sc_hd__sdfstp_2".
ABC: Scl_LibertyReadGenlib() skipped sequential cell "sky130_fd_sc_hd__sdfstp_4".
ABC: Scl_LibertyReadGenlib() skipped sequential cell "sky130_fd_sc_hd__sdfxbp_1".
ABC: Scl_LibertyReadGenlib() skipped sequential cell "sky130_fd_sc_hd__sdfxbp_2".
ABC: Scl_LibertyReadGenlib() skipped sequential cell "sky130_fd_sc_hd__sdfxtp_1".
ABC: Scl_LibertyReadGenlib() skipped sequential cell "sky130_fd_sc_hd__sdfxtp_2".
ABC: Scl_LibertyReadGenlib() skipped sequential cell "sky130_fd_sc_hd__sdfxtp_4".
ABC: Scl_LibertyReadGenlib() skipped cell "sky130_fd_sc_hd__sdlclkp_1" without logic function.
ABC: Scl_LibertyReadGenlib() skipped cell "sky130_fd_sc_hd__sdlclkp_2" without logic function.
ABC: Scl_LibertyReadGenlib() skipped cell "sky130_fd_sc_hd__sdlclkp_4" without logic function.
ABC: Scl_LibertyReadGenlib() skipped sequential cell "sky130_fd_sc_hd__sedfxbp_1".
ABC: Scl_LibertyReadGenlib() skipped sequential cell "sky130_fd_sc_hd__sedfxbp_2".
ABC: Scl_LibertyReadGenlib() skipped sequential cell "sky130_fd_sc_hd__sedfxtp_1".
ABC: Scl_LibertyReadGenlib() skipped sequential cell "sky130_fd_sc_hd__sedfxtp_2".
ABC: Scl_LibertyReadGenlib() skipped sequential cell "sky130_fd_sc_hd__sedfxtp_4".
ABC: Library "sky130_fd_sc_hd__tt_025C_1v80" from "/Users/shreyas/Desktop/Hustle/UART/sky130/sky130_fd_sc_hd__tt_025C_1v80.lib" has 334 cells (94 skipped: 63 seq; 13 tri-state; 18 no func; 0 dont_use; 0 with 2 outputs; 0 with 3+ outputs).  Time =     0.05 sec
ABC: Memory =   19.85 MB. Time =     0.05 sec
ABC: Warning: Detected 9 multi-output cells (for example, "sky130_fd_sc_hd__fa_1").
ABC: + strash 
ABC: + &get -n 
ABC: + &fraig -x 
ABC: + &put 
ABC: + scorr 
ABC: Warning: The network is combinational (run "fraig" or "fraig_sweep").
ABC: + dc2 
ABC: + dretime 
ABC: + strash 
ABC: + &get -n 
ABC: + &dch -f 
ABC: + &nf 
ABC: + &put 
ABC: + write_blif <abc-temp-dir>/output.blif 

10.5.2. Re-integrating ABC results.
ABC RESULTS:   sky130_fd_sc_hd__a211oi_1 cells:        1
ABC RESULTS:   sky130_fd_sc_hd__a21oi_1 cells:        2
ABC RESULTS:   sky130_fd_sc_hd__a311oi_1 cells:        2
ABC RESULTS:   sky130_fd_sc_hd__a31oi_1 cells:        2
ABC RESULTS:   sky130_fd_sc_hd__a41oi_1 cells:        1
ABC RESULTS:   sky130_fd_sc_hd__and2_0 cells:        2
ABC RESULTS:   sky130_fd_sc_hd__and3_1 cells:        1
ABC RESULTS:   sky130_fd_sc_hd__and4_1 cells:        1
ABC RESULTS:   sky130_fd_sc_hd__clkinv_1 cells:       11
ABC RESULTS:   sky130_fd_sc_hd__lpflow_inputiso1p_1 cells:        1
ABC RESULTS:   sky130_fd_sc_hd__nand2_1 cells:        3
ABC RESULTS:   sky130_fd_sc_hd__nor2_1 cells:        4
ABC RESULTS:   sky130_fd_sc_hd__nor3_1 cells:        1
ABC RESULTS:   sky130_fd_sc_hd__nor4_1 cells:        2
ABC RESULTS:   sky130_fd_sc_hd__or3b_1 cells:        1
ABC RESULTS:   sky130_fd_sc_hd__xnor2_1 cells:        2
ABC RESULTS:        internal signals:      419
ABC RESULTS:           input signals:       10
ABC RESULTS:          output signals:       20
Removing temp directory.
Removing global temp directory.

11. Printing statistics.

=== $paramod$39a12da85e615a81e533773b9ada3aec9452923f\baud_gen ===

        +----------Local Count, excluding submodules.
        |        +-Local Area, excluding submodules.
        |        | 
      197        - wires
     2451        - wire bits
        4        - public wires
        8        - public wire bits
        3        - ports
        3        - port bits
       24  245.235 cells
        1    7.507   sky130_fd_sc_hd__a211oi_1
        1    6.256   sky130_fd_sc_hd__a31oi_1
        1    8.758   sky130_fd_sc_hd__and4_1
        6   22.522   sky130_fd_sc_hd__clkinv_1
        6  150.144   sky130_fd_sc_hd__dfrtp_1
        2    7.507   sky130_fd_sc_hd__nand2_1
        3   11.261   sky130_fd_sc_hd__nor2_1
        1    5.005   sky130_fd_sc_hd__nor3_1
        1    8.758   sky130_fd_sc_hd__nor4b_1
        2   17.517   sky130_fd_sc_hd__xnor2_1

   Chip area for module '$paramod$39a12da85e615a81e533773b9ada3aec9452923f\baud_gen': 245.235200
     of which used for sequential elements: 150.144000 (61.22%)

=== uart ===

        +----------Local Count, excluding submodules.
        |        +-Local Area, excluding submodules.
        |        | 
       11        - wires
       25        - wire bits
       11        - public wires
       25        - public wire bits
        8        - ports
       22        - port bits
        4        - submodules
        1        -   $paramod$39a12da85e615a81e533773b9ada3aec9452923f\baud_gen
        1        -   $paramod$9da5c3afe2a58f83191830787238f4d6d8b98d33\baud_gen
        1        -   rx
        1        -   tx

   Chip area for module '\uart': 0.000000
     of which used for sequential elements: 0.000000 (nan%)

=== rx ===

        +----------Local Count, excluding submodules.
        |        +-Local Area, excluding submodules.
        |        | 
      594        - wires
     5347        - wire bits
       11        - public wires
       32        - public wire bits
        6        - ports
       13        - port bits
      104 1.14E+03 cells
        1    7.507   sky130_fd_sc_hd__a21o_1
        1    5.005   sky130_fd_sc_hd__a21oi_1
        1    8.758   sky130_fd_sc_hd__a22o_1
        1    8.758   sky130_fd_sc_hd__a31o_1
        1    6.256   sky130_fd_sc_hd__a31oi_1
        1    8.758   sky130_fd_sc_hd__a32oi_1
        1    10.01   sky130_fd_sc_hd__a41o_1
        1    6.256   sky130_fd_sc_hd__and3_1
        1    8.758   sky130_fd_sc_hd__and4_1
       27  101.347   sky130_fd_sc_hd__clkinv_1
       26  650.624   sky130_fd_sc_hd__dfrtp_1
        1    6.256   sky130_fd_sc_hd__lpflow_isobufsrc_1
       16  180.173   sky130_fd_sc_hd__mux2_1
        2    7.507   sky130_fd_sc_hd__nand2_1
        3   15.014   sky130_fd_sc_hd__nand3_1
        1    7.507   sky130_fd_sc_hd__nand3b_1
        1    6.256   sky130_fd_sc_hd__nand4_1
        7   26.275   sky130_fd_sc_hd__nor2_1
        2    10.01   sky130_fd_sc_hd__nor3_1
        1    7.507   sky130_fd_sc_hd__nor3b_1
        1    8.758   sky130_fd_sc_hd__nor4b_1
        2   15.014   sky130_fd_sc_hd__o21a_1
        3   15.014   sky130_fd_sc_hd__o21ai_0
        1    7.507   sky130_fd_sc_hd__o31ai_1
        1    8.758   sky130_fd_sc_hd__or3b_1

   Chip area for module '\rx': 1143.596800
     of which used for sequential elements: 650.624000 (56.89%)

=== tx ===

        +----------Local Count, excluding submodules.
        |        +-Local Area, excluding submodules.
        |        | 
      437        - wires
     4868        - wire bits
       11        - public wires
       28        - public wire bits
        8        - ports
       15        - port bits
       77  779.498 cells
        1    7.507   sky130_fd_sc_hd__a21o_1
        3   15.014   sky130_fd_sc_hd__a21oi_1
        1    8.758   sky130_fd_sc_hd__a41oi_1
        1    6.256   sky130_fd_sc_hd__and3_1
        1    8.758   sky130_fd_sc_hd__and3b_1
       18   67.565   sky130_fd_sc_hd__clkinv_1
       15   375.36   sky130_fd_sc_hd__dfrtp_1
        1   26.275   sky130_fd_sc_hd__dfstp_2
        1    6.256   sky130_fd_sc_hd__lpflow_inputiso1p_1
        1    6.256   sky130_fd_sc_hd__lpflow_isobufsrc_1
        9  101.347   sky130_fd_sc_hd__mux2_1
        1    10.01   sky130_fd_sc_hd__mux2i_1
        2    7.507   sky130_fd_sc_hd__nand2_1
        4   25.024   sky130_fd_sc_hd__nand2b_1
        3   15.014   sky130_fd_sc_hd__nand3_1
        4   15.014   sky130_fd_sc_hd__nor2_1
        1    7.507   sky130_fd_sc_hd__nor3b_1
        2   17.517   sky130_fd_sc_hd__o2111ai_1
        4   20.019   sky130_fd_sc_hd__o21ai_0
        1    8.758   sky130_fd_sc_hd__o22a_1
        1    6.256   sky130_fd_sc_hd__or3_1
        1    8.758   sky130_fd_sc_hd__xnor2_1
        1    8.758   sky130_fd_sc_hd__xor2_1

   Chip area for module '\tx': 779.497600
     of which used for sequential elements: 401.635200 (51.52%)

=== $paramod$9da5c3afe2a58f83191830787238f4d6d8b98d33\baud_gen ===

        +----------Local Count, excluding submodules.
        |        +-Local Area, excluding submodules.
        |        | 
      225        - wires
     2502        - wire bits
        4        - public wires
       12        - public wire bits
        3        - ports
        3        - port bits
       47  451.683 cells
        1    7.507   sky130_fd_sc_hd__a211oi_1
        2    10.01   sky130_fd_sc_hd__a21oi_1
        2   17.517   sky130_fd_sc_hd__a311oi_1
        2   12.512   sky130_fd_sc_hd__a31oi_1
        1    8.758   sky130_fd_sc_hd__a41oi_1
        2   12.512   sky130_fd_sc_hd__and2_0
        1    6.256   sky130_fd_sc_hd__and3_1
        1    8.758   sky130_fd_sc_hd__and4_1
       11    41.29   sky130_fd_sc_hd__clkinv_1
       10   250.24   sky130_fd_sc_hd__dfrtp_1
        1    6.256   sky130_fd_sc_hd__lpflow_inputiso1p_1
        3   11.261   sky130_fd_sc_hd__nand2_1
        4   15.014   sky130_fd_sc_hd__nor2_1
        1    5.005   sky130_fd_sc_hd__nor3_1
        2   12.512   sky130_fd_sc_hd__nor4_1
        1    8.758   sky130_fd_sc_hd__or3b_1
        2   17.517   sky130_fd_sc_hd__xnor2_1

   Chip area for module '$paramod$9da5c3afe2a58f83191830787238f4d6d8b98d33\baud_gen': 451.683200
     of which used for sequential elements: 250.240000 (55.40%)

=== design hierarchy ===

        +----------Count including submodules.
        |        +-Area including submodules.
        |        | 
      252 2.62E+03 uart
       24  245.235 $paramod$39a12da85e615a81e533773b9ada3aec9452923f\baud_gen
       47  451.683 $paramod$9da5c3afe2a58f83191830787238f4d6d8b98d33\baud_gen
      104 1.14E+03 rx
       77  779.498 tx

        +----------Count including submodules.
        |        +-Area including submodules.
        |        | 
     1464        - wires
    15193        - wire bits
       41        - public wires
      105        - public wire bits
       28        - ports
       56        - port bits
        -        - memories
        -        - memory bits
        -        - processes
      252 2.62E+03 cells
        2   15.014   sky130_fd_sc_hd__a211oi_1
        2   15.014   sky130_fd_sc_hd__a21o_1
        6   30.029   sky130_fd_sc_hd__a21oi_1
        1    8.758   sky130_fd_sc_hd__a22o_1
        2   17.517   sky130_fd_sc_hd__a311oi_1
        1    8.758   sky130_fd_sc_hd__a31o_1
        4   25.024   sky130_fd_sc_hd__a31oi_1
        1    8.758   sky130_fd_sc_hd__a32oi_1
        1    10.01   sky130_fd_sc_hd__a41o_1
        2   17.517   sky130_fd_sc_hd__a41oi_1
        2   12.512   sky130_fd_sc_hd__and2_0
        3   18.768   sky130_fd_sc_hd__and3_1
        1    8.758   sky130_fd_sc_hd__and3b_1
        3   26.275   sky130_fd_sc_hd__and4_1
       62  232.723   sky130_fd_sc_hd__clkinv_1
       57 1.43E+03   sky130_fd_sc_hd__dfrtp_1
        1   26.275   sky130_fd_sc_hd__dfstp_2
        2   12.512   sky130_fd_sc_hd__lpflow_inputiso1p_1
        2   12.512   sky130_fd_sc_hd__lpflow_isobufsrc_1
       25   281.52   sky130_fd_sc_hd__mux2_1
        1    10.01   sky130_fd_sc_hd__mux2i_1
        9   33.782   sky130_fd_sc_hd__nand2_1
        4   25.024   sky130_fd_sc_hd__nand2b_1
        6   30.029   sky130_fd_sc_hd__nand3_1
        1    7.507   sky130_fd_sc_hd__nand3b_1
        1    6.256   sky130_fd_sc_hd__nand4_1
       18   67.565   sky130_fd_sc_hd__nor2_1
        4   20.019   sky130_fd_sc_hd__nor3_1
        2   15.014   sky130_fd_sc_hd__nor3b_1
        2   12.512   sky130_fd_sc_hd__nor4_1
        2   17.517   sky130_fd_sc_hd__nor4b_1
        2   17.517   sky130_fd_sc_hd__o2111ai_1
        2   15.014   sky130_fd_sc_hd__o21a_1
        7   35.034   sky130_fd_sc_hd__o21ai_0
        1    8.758   sky130_fd_sc_hd__o22a_1
        1    7.507   sky130_fd_sc_hd__o31ai_1
        1    6.256   sky130_fd_sc_hd__or3_1
        2   17.517   sky130_fd_sc_hd__or3b_1
        5   43.792   sky130_fd_sc_hd__xnor2_1
        1    8.758   sky130_fd_sc_hd__xor2_1
        4 2.62E+03 submodules
        1  245.235   $paramod$39a12da85e615a81e533773b9ada3aec9452923f\baud_gen
        1  451.683   $paramod$9da5c3afe2a58f83191830787238f4d6d8b98d33\baud_gen
        1 1.14E+03   rx
        1  779.498   tx

   Chip area for top module '\uart': 2620.012800
     of which used for sequential elements: 1452.643200 (55.44%)

12. Printing statistics.

=== $paramod$39a12da85e615a81e533773b9ada3aec9452923f\baud_gen ===

        +----------Local Count, excluding submodules.
        |        +-Local Area, excluding submodules.
        |        | 
      197        - wires
     2451        - wire bits
        4        - public wires
        8        - public wire bits
        3        - ports
        3        - port bits
       24  245.235 cells
        1    7.507   sky130_fd_sc_hd__a211oi_1
        1    6.256   sky130_fd_sc_hd__a31oi_1
        1    8.758   sky130_fd_sc_hd__and4_1
        6   22.522   sky130_fd_sc_hd__clkinv_1
        6  150.144   sky130_fd_sc_hd__dfrtp_1
        2    7.507   sky130_fd_sc_hd__nand2_1
        3   11.261   sky130_fd_sc_hd__nor2_1
        1    5.005   sky130_fd_sc_hd__nor3_1
        1    8.758   sky130_fd_sc_hd__nor4b_1
        2   17.517   sky130_fd_sc_hd__xnor2_1

   Chip area for module '$paramod$39a12da85e615a81e533773b9ada3aec9452923f\baud_gen': 245.235200
     of which used for sequential elements: 150.144000 (61.22%)

=== uart ===

        +----------Local Count, excluding submodules.
        |        +-Local Area, excluding submodules.
        |        | 
       11        - wires
       25        - wire bits
       11        - public wires
       25        - public wire bits
        8        - ports
       22        - port bits
        4        - submodules
        1        -   $paramod$39a12da85e615a81e533773b9ada3aec9452923f\baud_gen
        1        -   $paramod$9da5c3afe2a58f83191830787238f4d6d8b98d33\baud_gen
        1        -   rx
        1        -   tx

   Chip area for module '\uart': 0.000000
     of which used for sequential elements: 0.000000 (nan%)

=== rx ===

        +----------Local Count, excluding submodules.
        |        +-Local Area, excluding submodules.
        |        | 
      594        - wires
     5347        - wire bits
       11        - public wires
       32        - public wire bits
        6        - ports
       13        - port bits
      104 1.14E+03 cells
        1    7.507   sky130_fd_sc_hd__a21o_1
        1    5.005   sky130_fd_sc_hd__a21oi_1
        1    8.758   sky130_fd_sc_hd__a22o_1
        1    8.758   sky130_fd_sc_hd__a31o_1
        1    6.256   sky130_fd_sc_hd__a31oi_1
        1    8.758   sky130_fd_sc_hd__a32oi_1
        1    10.01   sky130_fd_sc_hd__a41o_1
        1    6.256   sky130_fd_sc_hd__and3_1
        1    8.758   sky130_fd_sc_hd__and4_1
       27  101.347   sky130_fd_sc_hd__clkinv_1
       26  650.624   sky130_fd_sc_hd__dfrtp_1
        1    6.256   sky130_fd_sc_hd__lpflow_isobufsrc_1
       16  180.173   sky130_fd_sc_hd__mux2_1
        2    7.507   sky130_fd_sc_hd__nand2_1
        3   15.014   sky130_fd_sc_hd__nand3_1
        1    7.507   sky130_fd_sc_hd__nand3b_1
        1    6.256   sky130_fd_sc_hd__nand4_1
        7   26.275   sky130_fd_sc_hd__nor2_1
        2    10.01   sky130_fd_sc_hd__nor3_1
        1    7.507   sky130_fd_sc_hd__nor3b_1
        1    8.758   sky130_fd_sc_hd__nor4b_1
        2   15.014   sky130_fd_sc_hd__o21a_1
        3   15.014   sky130_fd_sc_hd__o21ai_0
        1    7.507   sky130_fd_sc_hd__o31ai_1
        1    8.758   sky130_fd_sc_hd__or3b_1

   Chip area for module '\rx': 1143.596800
     of which used for sequential elements: 650.624000 (56.89%)

=== tx ===

        +----------Local Count, excluding submodules.
        |        +-Local Area, excluding submodules.
        |        | 
      437        - wires
     4868        - wire bits
       11        - public wires
       28        - public wire bits
        8        - ports
       15        - port bits
       77  779.498 cells
        1    7.507   sky130_fd_sc_hd__a21o_1
        3   15.014   sky130_fd_sc_hd__a21oi_1
        1    8.758   sky130_fd_sc_hd__a41oi_1
        1    6.256   sky130_fd_sc_hd__and3_1
        1    8.758   sky130_fd_sc_hd__and3b_1
       18   67.565   sky130_fd_sc_hd__clkinv_1
       15   375.36   sky130_fd_sc_hd__dfrtp_1
        1   26.275   sky130_fd_sc_hd__dfstp_2
        1    6.256   sky130_fd_sc_hd__lpflow_inputiso1p_1
        1    6.256   sky130_fd_sc_hd__lpflow_isobufsrc_1
        9  101.347   sky130_fd_sc_hd__mux2_1
        1    10.01   sky130_fd_sc_hd__mux2i_1
        2    7.507   sky130_fd_sc_hd__nand2_1
        4   25.024   sky130_fd_sc_hd__nand2b_1
        3   15.014   sky130_fd_sc_hd__nand3_1
        4   15.014   sky130_fd_sc_hd__nor2_1
        1    7.507   sky130_fd_sc_hd__nor3b_1
        2   17.517   sky130_fd_sc_hd__o2111ai_1
        4   20.019   sky130_fd_sc_hd__o21ai_0
        1    8.758   sky130_fd_sc_hd__o22a_1
        1    6.256   sky130_fd_sc_hd__or3_1
        1    8.758   sky130_fd_sc_hd__xnor2_1
        1    8.758   sky130_fd_sc_hd__xor2_1

   Chip area for module '\tx': 779.497600
     of which used for sequential elements: 401.635200 (51.52%)

=== $paramod$9da5c3afe2a58f83191830787238f4d6d8b98d33\baud_gen ===

        +----------Local Count, excluding submodules.
        |        +-Local Area, excluding submodules.
        |        | 
      225        - wires
     2502        - wire bits
        4        - public wires
       12        - public wire bits
        3        - ports
        3        - port bits
       47  451.683 cells
        1    7.507   sky130_fd_sc_hd__a211oi_1
        2    10.01   sky130_fd_sc_hd__a21oi_1
        2   17.517   sky130_fd_sc_hd__a311oi_1
        2   12.512   sky130_fd_sc_hd__a31oi_1
        1    8.758   sky130_fd_sc_hd__a41oi_1
        2   12.512   sky130_fd_sc_hd__and2_0
        1    6.256   sky130_fd_sc_hd__and3_1
        1    8.758   sky130_fd_sc_hd__and4_1
       11    41.29   sky130_fd_sc_hd__clkinv_1
       10   250.24   sky130_fd_sc_hd__dfrtp_1
        1    6.256   sky130_fd_sc_hd__lpflow_inputiso1p_1
        3   11.261   sky130_fd_sc_hd__nand2_1
        4   15.014   sky130_fd_sc_hd__nor2_1
        1    5.005   sky130_fd_sc_hd__nor3_1
        2   12.512   sky130_fd_sc_hd__nor4_1
        1    8.758   sky130_fd_sc_hd__or3b_1
        2   17.517   sky130_fd_sc_hd__xnor2_1

   Chip area for module '$paramod$9da5c3afe2a58f83191830787238f4d6d8b98d33\baud_gen': 451.683200
     of which used for sequential elements: 250.240000 (55.40%)

=== design hierarchy ===

        +----------Count including submodules.
        |        +-Area including submodules.
        |        | 
      252 2.62E+03 uart
       24  245.235 $paramod$39a12da85e615a81e533773b9ada3aec9452923f\baud_gen
       47  451.683 $paramod$9da5c3afe2a58f83191830787238f4d6d8b98d33\baud_gen
      104 1.14E+03 rx
       77  779.498 tx

        +----------Count including submodules.
        |        +-Area including submodules.
        |        | 
     1464        - wires
    15193        - wire bits
       41        - public wires
      105        - public wire bits
       28        - ports
       56        - port bits
        -        - memories
        -        - memory bits
        -        - processes
      252 2.62E+03 cells
        2   15.014   sky130_fd_sc_hd__a211oi_1
        2   15.014   sky130_fd_sc_hd__a21o_1
        6   30.029   sky130_fd_sc_hd__a21oi_1
        1    8.758   sky130_fd_sc_hd__a22o_1
        2   17.517   sky130_fd_sc_hd__a311oi_1
        1    8.758   sky130_fd_sc_hd__a31o_1
        4   25.024   sky130_fd_sc_hd__a31oi_1
        1    8.758   sky130_fd_sc_hd__a32oi_1
        1    10.01   sky130_fd_sc_hd__a41o_1
        2   17.517   sky130_fd_sc_hd__a41oi_1
        2   12.512   sky130_fd_sc_hd__and2_0
        3   18.768   sky130_fd_sc_hd__and3_1
        1    8.758   sky130_fd_sc_hd__and3b_1
        3   26.275   sky130_fd_sc_hd__and4_1
       62  232.723   sky130_fd_sc_hd__clkinv_1
       57 1.43E+03   sky130_fd_sc_hd__dfrtp_1
        1   26.275   sky130_fd_sc_hd__dfstp_2
        2   12.512   sky130_fd_sc_hd__lpflow_inputiso1p_1
        2   12.512   sky130_fd_sc_hd__lpflow_isobufsrc_1
       25   281.52   sky130_fd_sc_hd__mux2_1
        1    10.01   sky130_fd_sc_hd__mux2i_1
        9   33.782   sky130_fd_sc_hd__nand2_1
        4   25.024   sky130_fd_sc_hd__nand2b_1
        6   30.029   sky130_fd_sc_hd__nand3_1
        1    7.507   sky130_fd_sc_hd__nand3b_1
        1    6.256   sky130_fd_sc_hd__nand4_1
       18   67.565   sky130_fd_sc_hd__nor2_1
        4   20.019   sky130_fd_sc_hd__nor3_1
        2   15.014   sky130_fd_sc_hd__nor3b_1
        2   12.512   sky130_fd_sc_hd__nor4_1
        2   17.517   sky130_fd_sc_hd__nor4b_1
        2   17.517   sky130_fd_sc_hd__o2111ai_1
        2   15.014   sky130_fd_sc_hd__o21a_1
        7   35.034   sky130_fd_sc_hd__o21ai_0
        1    8.758   sky130_fd_sc_hd__o22a_1
        1    7.507   sky130_fd_sc_hd__o31ai_1
        1    6.256   sky130_fd_sc_hd__or3_1
        2   17.517   sky130_fd_sc_hd__or3b_1
        5   43.792   sky130_fd_sc_hd__xnor2_1
        1    8.758   sky130_fd_sc_hd__xor2_1
        4 2.62E+03 submodules
        1  245.235   $paramod$39a12da85e615a81e533773b9ada3aec9452923f\baud_gen
        1  451.683   $paramod$9da5c3afe2a58f83191830787238f4d6d8b98d33\baud_gen
        1 1.14E+03   rx
        1  779.498   tx

   Chip area for top module '\uart': 2620.012800
     of which used for sequential elements: 1452.643200 (55.44%)

13. Executing Verilog backend.

13.1. Executing BMUXMAP pass.

13.2. Executing DEMUXMAP pass.
Dumping module `$paramod$39a12da85e615a81e533773b9ada3aec9452923f\baud_gen'.
Dumping module `$paramod$9da5c3afe2a58f83191830787238f4d6d8b98d33\baud_gen'.
Dumping module `\rx'.
Dumping module `\tx'.
Dumping module `\uart'.

End of script. Logfile hash: 3e82193c09, CPU: user 0.21s system 0.02s, MEM: 40.48 MB peak
Yosys 0.63 (git sha1 70a11c6bf0e8dd669f56c7da3587f78b405138e2, clang++ 17.0.0 -fPIC -O3)
Time spent: 70% 1x abc (0 sec), 10% 2x stat (0 sec), ...
