#! /opt/homebrew/Cellar/icarus-verilog/12.0/bin/vvp
:ivl_version "12.0 (stable)";
:ivl_delay_selection "TYPICAL";
:vpi_time_precision - 12;
:vpi_module "/opt/homebrew/Cellar/icarus-verilog/12.0/lib/ivl/system.vpi";
:vpi_module "/opt/homebrew/Cellar/icarus-verilog/12.0/lib/ivl/vhdl_sys.vpi";
:vpi_module "/opt/homebrew/Cellar/icarus-verilog/12.0/lib/ivl/vhdl_textio.vpi";
:vpi_module "/opt/homebrew/Cellar/icarus-verilog/12.0/lib/ivl/v2005_math.vpi";
:vpi_module "/opt/homebrew/Cellar/icarus-verilog/12.0/lib/ivl/va_math.vpi";
:vpi_module "/opt/homebrew/Cellar/icarus-verilog/12.0/lib/ivl/v2009.vpi";
S_0x12d705d10 .scope package, "$unit" "$unit" 2 1;
 .timescale 0 0;
S_0x12d70b8f0 .scope module, "baud_gen_tb" "baud_gen_tb" 3 2;
 .timescale -9 -12;
v0x12d71be90_0 .net "baud_tick_tb", 0 0, v0x12d70bd60_0;  1 drivers
v0x12d71bf30_0 .var "clk_tb", 0 0;
v0x12d71bfe0_0 .var "rst_tb", 0 0;
S_0x12d70ba60 .scope module, "UUT" "baud_gen" 3 10, 4 6 0, S_0x12d70b8f0;
 .timescale -9 -12;
    .port_info 0 /INPUT 1 "clk";
    .port_info 1 /INPUT 1 "rst";
    .port_info 2 /OUTPUT 1 "baud_tick";
P_0x12d70bbd0 .param/l "BAUD_RATE" 0 4 8, +C4<00000000000000011100001000000000>;
P_0x12d70bc10 .param/l "CLK_FREQ" 0 4 7, +C4<00000010111110101111000010000000>;
P_0x12d70bc50 .param/l "DIV" 1 4 17, +C4<00000000000000000000000110110010>;
v0x12d70bd60_0 .var "baud_tick", 0 0;
v0x12d71bcc0_0 .net "clk", 0 0, v0x12d71bf30_0;  1 drivers
v0x12d71bd60_0 .var "counter", 8 0;
v0x12d71bdf0_0 .net "rst", 0 0, v0x12d71bfe0_0;  1 drivers
E_0x12d70bd20 .event posedge, v0x12d71bdf0_0, v0x12d71bcc0_0;
    .scope S_0x12d70ba60;
T_0 ;
    %wait E_0x12d70bd20;
    %load/vec4 v0x12d71bdf0_0;
    %flag_set/vec4 8;
    %jmp/0xz  T_0.0, 8;
    %pushi/vec4 0, 0, 9;
    %assign/vec4 v0x12d71bd60_0, 0;
    %pushi/vec4 0, 0, 1;
    %assign/vec4 v0x12d70bd60_0, 0;
    %jmp T_0.1;
T_0.0 ;
    %load/vec4 v0x12d71bd60_0;
    %pad/u 32;
    %cmpi/e 433, 0, 32;
    %jmp/0xz  T_0.2, 4;
    %pushi/vec4 0, 0, 9;
    %assign/vec4 v0x12d71bd60_0, 0;
    %pushi/vec4 1, 0, 1;
    %assign/vec4 v0x12d70bd60_0, 0;
    %jmp T_0.3;
T_0.2 ;
    %load/vec4 v0x12d71bd60_0;
    %addi 1, 0, 9;
    %assign/vec4 v0x12d71bd60_0, 0;
    %pushi/vec4 0, 0, 1;
    %assign/vec4 v0x12d70bd60_0, 0;
T_0.3 ;
T_0.1 ;
    %jmp T_0;
    .thread T_0;
    .scope S_0x12d70b8f0;
T_1 ;
    %delay 10000, 0;
    %load/vec4 v0x12d71bf30_0;
    %inv;
    %store/vec4 v0x12d71bf30_0, 0, 1;
    %jmp T_1;
    .thread T_1;
    .scope S_0x12d70b8f0;
T_2 ;
    %pushi/vec4 0, 0, 1;
    %store/vec4 v0x12d71bf30_0, 0, 1;
    %pushi/vec4 0, 0, 1;
    %store/vec4 v0x12d71bfe0_0, 0, 1;
    %delay 50000, 0;
    %pushi/vec4 1, 0, 1;
    %store/vec4 v0x12d71bfe0_0, 0, 1;
    %vpi_call/w 3 23 "$dumpfile", "sim/baud_gen/baud_gen.vcd" {0 0 0};
    %vpi_call/w 3 24 "$dumpvars", 32'sb00000000000000000000000000000000, S_0x12d70b8f0 {0 0 0};
    %delay 100000, 0;
    %pushi/vec4 0, 0, 1;
    %store/vec4 v0x12d71bfe0_0, 0, 1;
    %delay 50000000, 0;
    %vpi_call/w 3 28 "$finish" {0 0 0};
    %end;
    .thread T_2;
# The file index is used to find the file name in the following table.
:file_names 5;
    "N/A";
    "<interactive>";
    "-";
    "tb/baud_gen_tb.sv";
    "rtl/baud_gen.sv";
